Added Pin To Net: NetName=ENET2_TX_CLK Pin=J2-22
Added Pin To Net: NetName=ENET2_TX_CLK Pin=J2-22
Added Pin To Net: NetName=ENET2_TX_CLK Pin=J2-22
Added Pin To Net: NetName=ENET2_RXER Pin=J2-23
Added Pin To Net: NetName=ENET2_RXER Pin=J2-23
Added Pin To Net: NetName=ENET2_RXER Pin=J2-23
Added Pin To Net: NetName=ENET2_RXD1 Pin=J2-24
Added Pin To Net: NetName=ENET2_RXD1 Pin=J2-24
Added Pin To Net: NetName=ENET2_RXD1 Pin=J2-24
Added Pin To Net: NetName=ENET2_RXD0 Pin=J2-25
Added Pin To Net: NetName=ENET2_RXD0 Pin=J2-25
Added Pin To Net: NetName=ENET2_RXD0 Pin=J2-25
Added Pin To Net: NetName=ENET2_TXEN Pin=J2-26
Added Pin To Net: NetName=ENET2_TXEN Pin=J2-26
Added Pin To Net: NetName=ENET2_TXEN Pin=J2-26
Added Pin To Net: NetName=ENET2_CRS_DV Pin=J2-27
Added Pin To Net: NetName=ENET2_CRS_DV Pin=J2-27
Added Pin To Net: NetName=ENET2_CRS_DV Pin=J2-27
Added Pin To Net: NetName=ENET2_TXD0 Pin=J2-28
Added Pin To Net: NetName=ENET2_TXD0 Pin=J2-28
Added Pin To Net: NetName=ENET2_TXD0 Pin=J2-28
Added Pin To Net: NetName=ENET2_TXD1 Pin=J2-29
Added Pin To Net: NetName=ENET2_TXD1 Pin=J2-29
Added Pin To Net: NetName=ENET2_TXD1 Pin=J2-29
