Removed Pin From Net: NetName=VDD_COIN_3V Pin=J2-1
Removed Pin From Net: NetName=VDD_COIN_3V Pin=J2-1
Removed Pin From Net: NetName=VDD_COIN_3V Pin=J2-1
Removed Pin From Net: NetName=UART1_RXD Pin=J2-2
Removed Pin From Net: NetName=UART1_RXD Pin=J2-2
Removed Pin From Net: NetName=UART1_RXD Pin=J2-2
Removed Pin From Net: NetName=UART1_CTS Pin=J2-3
Removed Pin From Net: NetName=UART1_CTS Pin=J2-3
Removed Pin From Net: NetName=UART1_CTS Pin=J2-3
Removed Pin From Net: NetName=UART1_TXD Pin=J2-4
Removed Pin From Net: NetName=UART1_TXD Pin=J2-4
Removed Pin From Net: NetName=UART1_TXD Pin=J2-4
Removed Pin From Net: NetName=UART1_RTS Pin=J2-5
Removed Pin From Net: NetName=UART1_RTS Pin=J2-5
Removed Pin From Net: NetName=UART1_RTS Pin=J2-5
Removed Pin From Net: NetName=UART2_RXD Pin=J2-6
Removed Pin From Net: NetName=UART2_RXD Pin=J2-6
Removed Pin From Net: NetName=UART2_RXD Pin=J2-6
Removed Pin From Net: NetName=UART2_TXD Pin=J2-7
Removed Pin From Net: NetName=UART2_TXD Pin=J2-7
Removed Pin From Net: NetName=UART2_TXD Pin=J2-7
Removed Pin From Net: NetName=UART2_CTS Pin=J2-8
Removed Pin From Net: NetName=UART2_CTS Pin=J2-8
Removed Pin From Net: NetName=UART2_CTS Pin=J2-8
Removed Pin From Net: NetName=UART2_RTS Pin=J2-9
Removed Pin From Net: NetName=UART2_RTS Pin=J2-9
Removed Pin From Net: NetName=UART2_RTS Pin=J2-9
Removed Pin From Net: NetName=UART3_TXD Pin=J2-10
Removed Pin From Net: NetName=UART3_TXD Pin=J2-10
Removed Pin From Net: NetName=UART3_TXD Pin=J2-10
Removed Pin From Net: NetName=UART3_RXD Pin=J2-11
Removed Pin From Net: NetName=UART3_RXD Pin=J2-11
Removed Pin From Net: NetName=UART3_RXD Pin=J2-11
Removed Pin From Net: NetName=UART3_CTS Pin=J2-12
Removed Pin From Net: NetName=UART3_CTS Pin=J2-12
Removed Pin From Net: NetName=UART3_CTS Pin=J2-12
Removed Pin From Net: NetName=UART3_RTS Pin=J2-13
Removed Pin From Net: NetName=UART3_RTS Pin=J2-13
Removed Pin From Net: NetName=UART3_RTS Pin=J2-13
Added Pin To Net: NetName=VDD_COIN_3V Pin=J1-28
Added Pin To Net: NetName=VDD_COIN_3V Pin=J1-28
Added Pin To Net: NetName=VDD_COIN_3V Pin=J1-28
Added Pin To Net: NetName=UART1_RXD Pin=J1-29
Added Pin To Net: NetName=UART1_RXD Pin=J1-29
Added Pin To Net: NetName=UART1_RXD Pin=J1-29
Added Pin To Net: NetName=UART1_CTS Pin=J1-30
Added Pin To Net: NetName=UART1_CTS Pin=J1-30
Added Pin To Net: NetName=UART1_CTS Pin=J1-30
Added Pin To Net: NetName=UART1_TXD Pin=J2-1
Added Pin To Net: NetName=UART1_TXD Pin=J2-1
Added Pin To Net: NetName=UART1_TXD Pin=J2-1
Added Pin To Net: NetName=UART1_RTS Pin=J2-2
Added Pin To Net: NetName=UART1_RTS Pin=J2-2
Added Pin To Net: NetName=UART1_RTS Pin=J2-2
Added Pin To Net: NetName=UART2_RXD Pin=J2-3
Added Pin To Net: NetName=UART2_RXD Pin=J2-3
Added Pin To Net: NetName=UART2_RXD Pin=J2-3
Added Pin To Net: NetName=UART2_TXD Pin=J2-4
Added Pin To Net: NetName=UART2_TXD Pin=J2-4
Added Pin To Net: NetName=UART2_TXD Pin=J2-4
Added Pin To Net: NetName=UART2_CTS Pin=J2-5
Added Pin To Net: NetName=UART2_CTS Pin=J2-5
Added Pin To Net: NetName=UART2_CTS Pin=J2-5
Added Pin To Net: NetName=UART2_RTS Pin=J2-6
Added Pin To Net: NetName=UART2_RTS Pin=J2-6
Added Pin To Net: NetName=UART2_RTS Pin=J2-6
Added Pin To Net: NetName=UART3_TXD Pin=J2-7
Added Pin To Net: NetName=UART3_TXD Pin=J2-7
Added Pin To Net: NetName=UART3_TXD Pin=J2-7
Added Pin To Net: NetName=UART3_RXD Pin=J2-8
Added Pin To Net: NetName=UART3_RXD Pin=J2-8
Added Pin To Net: NetName=UART3_RXD Pin=J2-8
Added Pin To Net: NetName=UART3_CTS Pin=J2-9
Added Pin To Net: NetName=UART3_CTS Pin=J2-9
Added Pin To Net: NetName=UART3_CTS Pin=J2-9
Added Pin To Net: NetName=UART3_RTS Pin=J2-10
Added Pin To Net: NetName=UART3_RTS Pin=J2-10
Added Pin To Net: NetName=UART3_RTS Pin=J2-10
