Added Component: Designator=C2(0603_C _MINI)
Added Component: Designator=C4(0402_C)
Added Component: Designator=C6(0402_C)
Added Component: Designator=C7(0402_C)
Added Component: Designator=C?(0603_C _MINI)
Added Component: Designator=C?(0603_C _MINI)
Added Component: Designator=C?(0603_C _MINI)
Added Component: Designator=C?(0603_C _MINI)
Added Component: Designator=C?(0402_C)
Added Component: Designator=C?(0402_C)
Added Component: Designator=C?(0402_C)
Added Component: Designator=C?(0402_C)
Added Component: Designator=C?(0402_C)
Added Component: Designator=C?(0402_C)
Added Component: Designator=C?(0402_C)
Added Component: Designator=C?(0603_C _MINI)
Added Component: Designator=C?(0402_C)
Added Component: Designator=C?(0603_C _MINI)
Added Component: Designator=C?(0402_C)
Added Component: Designator=C?(0402_C)
Added Component: Designator=C?(0402_C)
Added Component: Designator=C?(0603_C _MINI)
Added Component: Designator=C?(0402_C)
Added Component: Designator=C?(0402_C)
Added Component: Designator=C?(0603_C _MINI)
Added Component: Designator=C?(0402_C)
Added Component: Designator=C?(0402_C)
Added Component: Designator=C?(0402_C)
Added Component: Designator=C?(0402_C)
Added Component: Designator=C?(0402_C)
Added Component: Designator=C?(0603_C _MINI)
Added Component: Designator=C?(0402_C)
Added Component: Designator=C?(0402_C)
Added Component: Designator=C?(0402_C)
Added Component: Designator=C?(0603_C _MINI)
Added Component: Designator=C?(0402_C)
Added Component: Designator=C?(0402_C)
Added Component: Designator=C?(0402_C)
Added Component: Designator=C?(0402_C)
Added Component: Designator=C?(0402_C)
Added Component: Designator=C?(0402_C)
Added Component: Designator=C?(0402_C)
Added Component: Designator=C?(0402_C)
Added Component: Designator=C?(0402_C)
Added Component: Designator=C?(0402_C)
Added Component: Designator=C?(0402_C)
Added Component: Designator=C?(0402_C)
Added Component: Designator=C?(0402_C)
Added Component: Designator=C?(0402_C)
Added Component: Designator=C?(0402_C)
Added Component: Designator=C?(0402_C)
Added Component: Designator=C?(0402_C)
Added Component: Designator=C?(0402_C)
Added Component: Designator=C?(0402_C)
Added Component: Designator=C?(0402_C)
Added Component: Designator=C?(0402_C)
Added Component: Designator=C?(0402_C)
Added Component: Designator=C?(0402_C)
Added Component: Designator=C?(0402_C)
Added Component: Designator=C?(0402_C)
Added Component: Designator=C?(0402_C)
Added Component: Designator=C?(0402_C)
Added Component: Designator=C?(0402_C)
Added Component: Designator=C?(0402_C)
Added Component: Designator=C?(0603_C _MINI)
Added Component: Designator=C?(0402_C)
Added Component: Designator=C?(0402_C)
Added Component: Designator=C?(0402_C)
Added Component: Designator=C?(0402_C)
Added Component: Designator=C?(0402_C)
Added Component: Designator=C?(0402_C)
Added Component: Designator=C?(0402_C)
Added Component: Designator=C?(0402_C)
Added Component: Designator=C?(0402_C)
Added Component: Designator=C?(0402_C)
Added Component: Designator=C?(0402_C)
Added Component: Designator=C?(0603_C _MINI)
Added Component: Designator=C?(0402_C)
Added Component: Designator=C?(0402_C)
Added Component: Designator=C?(0402_C)
Added Component: Designator=C?(0402_C)
Added Component: Designator=C?(0402_C)
Added Component: Designator=C?(0402_C)
Added Component: Designator=C?(0402_C)
Added Component: Designator=C?(0402_C)
Added Component: Designator=C?(0402_C)
Added Component: Designator=C?(0402_C)
Added Component: Designator=C?(0402_C)
Added Component: Designator=C?(0402_C)
Added Component: Designator=C?(0402_C)
Added Component: Designator=C?(0402_C)
Added Component: Designator=C?(0402_C)
Added Component: Designator=D?(SOD-523)
Added Component: Designator=D?(SOD-523)
Added Component: Designator=D?(SOD-523)
Added Component: Designator=D?(SOD-523)
Added Component: Designator=D?(SOD-523)
Added Component: Designator=L1(NR3015)
Added Component: Designator=L?(NR3015)
Added Component: Designator=PWR(LED 0603B)
Added Component: Designator=Q?(SOT23-3L)
Added Component: Designator=R2(0402_R)
Added Component: Designator=R3(0402_R)
Added Component: Designator=R4(0402_R)
Added Component: Designator=R5(0402_R)
Added Component: Designator=R6(0402_R)
Added Component: Designator=R7(0402_R)
Added Component: Designator=R?(0402_R)
Added Component: Designator=R?(0402_R)
Added Component: Designator=R?(0402_R)
Added Component: Designator=R?(0402_R)
Added Component: Designator=R?(0402_R)
Added Component: Designator=R?(0402_R)
Added Component: Designator=R?(0402_R)
Added Component: Designator=R?(0402_R)
Added Component: Designator=R?(0402_R)
Added Component: Designator=R?(0402_R)
Added Component: Designator=R?(0402_R)
Added Component: Designator=R?(0402_R)
Added Component: Designator=R?(0402_R)
Added Component: Designator=R?(0402_R)
Added Component: Designator=R?(0402_R)
Added Component: Designator=R?(0402_R)
Added Component: Designator=R?(0402_R)
Added Component: Designator=R?(0402_R)
Added Component: Designator=R?(0402_R)
Added Component: Designator=R?(0402_R)
Added Component: Designator=R?(0402_R)
Added Component: Designator=R?(0402_R)
Added Component: Designator=R?(0402_R)
Added Component: Designator=R?(0402_R)
Added Component: Designator=R?(0402_R)
Added Component: Designator=R?(0402_R)
Added Component: Designator=R?(0402_R)
Added Component: Designator=R?(0402_R)
Added Component: Designator=TP2(TP-1.0)
Added Component: Designator=TP?(TP-1.0)
Added Component: Designator=TP?(TP-1.0)
Added Component: Designator=U1(BGA289_17x17_0.8Pitch)
Added Component: Designator=U2(SOT143)
Added Component: Designator=U3(SOT23-5L)
Added Component: Designator=U4(SOT23-6L)
Added Component: Designator=U5(SOT23-6L)
Added Component: Designator=U6(SOT23-3L)
Added Component: Designator=U10(BGA96)
Added Component: Designator=U?(BGA_153_L13.0-W11.5-P0.50)
Added Component: Designator=X?(OSC 3225-4P)
Added Component: Designator=Y?(OSC 3215-2P)
Added Pin To Net: NetName=GND Pin=C2-1
Added Pin To Net: NetName=DCDC_3V3 Pin=C2-2
Added Pin To Net: NetName=GND Pin=C4-1
Added Pin To Net: NetName=DCDC_3V3 Pin=C4-2
Added Pin To Net: NetName=NetC6_1 Pin=C6-1
Added Pin To Net: NetName=NetC6_2 Pin=C6-2
Added Pin To Net: NetName=GND Pin=C7-1
Added Pin To Net: NetName=NetC6_2 Pin=C7-2
Added Pin To Net: NetName=DCDC_3V3 Pin=C?-1
Added Pin To Net: NetName=DCDC_3V3 Pin=C?-1
Added Pin To Net: NetName=DCDC_3V3 Pin=C?-1
Added Pin To Net: NetName=DCDC_3V3 Pin=C?-1
Added Pin To Net: NetName=DCDC_3V3 Pin=C?-1
Added Pin To Net: NetName=DCDC_3V3 Pin=C?-1
Added Pin To Net: NetName=DRAM_1V35 Pin=C?-1
Added Pin To Net: NetName=DRAM_SDQS0_N Pin=C?-1
Added Pin To Net: NetName=DRAM_SDQS1_N Pin=C?-1
Added Pin To Net: NetName=DRAM_VREF Pin=C?-1
Added Pin To Net: NetName=DRAM_VREF Pin=C?-1
Added Pin To Net: NetName=DRAM_VREF Pin=C?-1
Added Pin To Net: NetName=GND Pin=C?-1
Added Pin To Net: NetName=GND Pin=C?-1
Added Pin To Net: NetName=GND Pin=C?-1
Added Pin To Net: NetName=GND Pin=C?-1
Added Pin To Net: NetName=GND Pin=C?-1
Added Pin To Net: NetName=GND Pin=C?-1
Added Pin To Net: NetName=GND Pin=C?-1
Added Pin To Net: NetName=GND Pin=C?-1
Added Pin To Net: NetName=GND Pin=C?-1
Added Pin To Net: NetName=GND Pin=C?-1
Added Pin To Net: NetName=GND Pin=C?-1
Added Pin To Net: NetName=GND Pin=C?-1
Added Pin To Net: NetName=GND Pin=C?-1
Added Pin To Net: NetName=GND Pin=C?-1
Added Pin To Net: NetName=GND Pin=C?-1
Added Pin To Net: NetName=GND Pin=C?-1
Added Pin To Net: NetName=GND Pin=C?-1
Added Pin To Net: NetName=GND Pin=C?-1
Added Pin To Net: NetName=GND Pin=C?-1
Added Pin To Net: NetName=GND Pin=C?-1
Added Pin To Net: NetName=GND Pin=C?-1
Added Pin To Net: NetName=GND Pin=C?-1
Added Pin To Net: NetName=GND Pin=C?-1
Added Pin To Net: NetName=GND Pin=C?-1
Added Pin To Net: NetName=GND Pin=C?-1
Added Pin To Net: NetName=GND Pin=C?-1
Added Pin To Net: NetName=GND Pin=C?-1
Added Pin To Net: NetName=GND Pin=C?-1
Added Pin To Net: NetName=GND Pin=C?-1
Added Pin To Net: NetName=GND Pin=C?-1
Added Pin To Net: NetName=GND Pin=C?-1
Added Pin To Net: NetName=GND Pin=C?-1
Added Pin To Net: NetName=GND Pin=C?-1
Added Pin To Net: NetName=GND Pin=C?-1
Added Pin To Net: NetName=GND Pin=C?-1
Added Pin To Net: NetName=GND Pin=C?-1
Added Pin To Net: NetName=GND Pin=C?-1
Added Pin To Net: NetName=GND Pin=C?-1
Added Pin To Net: NetName=GND Pin=C?-1
Added Pin To Net: NetName=GND Pin=C?-1
Added Pin To Net: NetName=GND Pin=C?-1
Added Pin To Net: NetName=GND Pin=C?-1
Added Pin To Net: NetName=GND Pin=C?-1
Added Pin To Net: NetName=GND Pin=C?-1
Added Pin To Net: NetName=GND Pin=C?-1
Added Pin To Net: NetName=GND Pin=C?-1
Added Pin To Net: NetName=GND Pin=C?-1
Added Pin To Net: NetName=GND Pin=C?-1
Added Pin To Net: NetName=GND Pin=C?-1
Added Pin To Net: NetName=GND Pin=C?-1
Added Pin To Net: NetName=GND Pin=C?-1
Added Pin To Net: NetName=GND Pin=C?-1
Added Pin To Net: NetName=GND Pin=C?-1
Added Pin To Net: NetName=GND Pin=C?-1
Added Pin To Net: NetName=GND Pin=C?-1
Added Pin To Net: NetName=GND Pin=C?-1
Added Pin To Net: NetName=GND Pin=C?-1
Added Pin To Net: NetName=GND Pin=C?-1
Added Pin To Net: NetName=GND Pin=C?-1
Added Pin To Net: NetName=GND Pin=C?-1
Added Pin To Net: NetName=GND Pin=C?-1
Added Pin To Net: NetName=GND Pin=C?-1
Added Pin To Net: NetName=GND Pin=C?-1
Added Pin To Net: NetName=NetC?_1 Pin=C?-1
Added Pin To Net: NetName=SD1_VSELECT Pin=C?-1
Added Pin To Net: NetName=VDD_ARM_SOC_IN Pin=C?-1
Added Pin To Net: NetName=VDD_ARM_SOC_IN Pin=C?-1
Added Pin To Net: NetName=VDD_ARM_SOC_IN Pin=C?-1
Added Pin To Net: NetName=VDD_ARM_SOC_IN Pin=C?-1
Added Pin To Net: NetName=VDDA_ADC_3V3 Pin=C?-1
Added Pin To Net: NetName=VDDA_ADC_3V3 Pin=C?-1
Added Pin To Net: NetName=DCDC_1V8 Pin=C?-2
Added Pin To Net: NetName=DCDC_3V3 Pin=C?-2
Added Pin To Net: NetName=DCDC_3V3 Pin=C?-2
Added Pin To Net: NetName=DCDC_3V3 Pin=C?-2
Added Pin To Net: NetName=DCDC_3V3 Pin=C?-2
Added Pin To Net: NetName=DCDC_3V3 Pin=C?-2
Added Pin To Net: NetName=DCDC_3V3 Pin=C?-2
Added Pin To Net: NetName=DCDC_3V3 Pin=C?-2
Added Pin To Net: NetName=DCDC_3V3 Pin=C?-2
Added Pin To Net: NetName=DCDC_3V3 Pin=C?-2
Added Pin To Net: NetName=DCDC_3V3 Pin=C?-2
Added Pin To Net: NetName=DCDC_3V3 Pin=C?-2
Added Pin To Net: NetName=DCDC_3V3 Pin=C?-2
Added Pin To Net: NetName=DCDC_3V3 Pin=C?-2
Added Pin To Net: NetName=DRAM_1V35 Pin=C?-2
Added Pin To Net: NetName=DRAM_1V35 Pin=C?-2
Added Pin To Net: NetName=DRAM_1V35 Pin=C?-2
Added Pin To Net: NetName=DRAM_1V35 Pin=C?-2
Added Pin To Net: NetName=DRAM_1V35 Pin=C?-2
Added Pin To Net: NetName=DRAM_1V35 Pin=C?-2
Added Pin To Net: NetName=DRAM_1V35 Pin=C?-2
Added Pin To Net: NetName=DRAM_1V35 Pin=C?-2
Added Pin To Net: NetName=DRAM_1V35 Pin=C?-2
Added Pin To Net: NetName=DRAM_1V35 Pin=C?-2
Added Pin To Net: NetName=DRAM_1V35 Pin=C?-2
Added Pin To Net: NetName=DRAM_1V35 Pin=C?-2
Added Pin To Net: NetName=DRAM_1V35 Pin=C?-2
Added Pin To Net: NetName=DRAM_1V35 Pin=C?-2
Added Pin To Net: NetName=DRAM_1V35 Pin=C?-2
Added Pin To Net: NetName=DRAM_1V35 Pin=C?-2
Added Pin To Net: NetName=DRAM_1V35 Pin=C?-2
Added Pin To Net: NetName=DRAM_1V35 Pin=C?-2
Added Pin To Net: NetName=DRAM_1V35 Pin=C?-2
Added Pin To Net: NetName=DRAM_1V35 Pin=C?-2
Added Pin To Net: NetName=DRAM_SDQS0_P Pin=C?-2
Added Pin To Net: NetName=DRAM_SDQS1_P Pin=C?-2
Added Pin To Net: NetName=DRAM_VREF Pin=C?-2
Added Pin To Net: NetName=DRAM_VREF Pin=C?-2
Added Pin To Net: NetName=EMMC_VDDIM Pin=C?-2
Added Pin To Net: NetName=EMMC_VDDIM Pin=C?-2
Added Pin To Net: NetName=GND Pin=C?-2
Added Pin To Net: NetName=GND Pin=C?-2
Added Pin To Net: NetName=GND Pin=C?-2
Added Pin To Net: NetName=GND Pin=C?-2
Added Pin To Net: NetName=GND Pin=C?-2
Added Pin To Net: NetName=GND Pin=C?-2
Added Pin To Net: NetName=GND Pin=C?-2
Added Pin To Net: NetName=GND Pin=C?-2
Added Pin To Net: NetName=GND Pin=C?-2
Added Pin To Net: NetName=GND Pin=C?-2
Added Pin To Net: NetName=GND Pin=C?-2
Added Pin To Net: NetName=GND Pin=C?-2
Added Pin To Net: NetName=GND Pin=C?-2
Added Pin To Net: NetName=GND Pin=C?-2
Added Pin To Net: NetName=GND Pin=C?-2
Added Pin To Net: NetName=GND Pin=C?-2
Added Pin To Net: NetName=GND Pin=C?-2
Added Pin To Net: NetName=GND Pin=C?-2
Added Pin To Net: NetName=GND Pin=C?-2
Added Pin To Net: NetName=GND Pin=C?-2
Added Pin To Net: NetName=NetC6_2 Pin=C?-2
Added Pin To Net: NetName=NetC?_2 Pin=C?-2
Added Pin To Net: NetName=NVCC_PLL_OUT Pin=C?-2
Added Pin To Net: NetName=NVCC_PLL_OUT Pin=C?-2
Added Pin To Net: NetName=NVCC_SD Pin=C?-2
Added Pin To Net: NetName=NVCC_SD Pin=C?-2
Added Pin To Net: NetName=SYS_3V3 Pin=C?-2
Added Pin To Net: NetName=USB_OTG1_VBUS Pin=C?-2
Added Pin To Net: NetName=USB_OTG2_VBUS Pin=C?-2
Added Pin To Net: NetName=VDD_ARM_CAP Pin=C?-2
Added Pin To Net: NetName=VDD_ARM_CAP Pin=C?-2
Added Pin To Net: NetName=VDD_ARM_CAP Pin=C?-2
Added Pin To Net: NetName=VDD_HIGH_CAP Pin=C?-2
Added Pin To Net: NetName=VDD_HIGH_CAP Pin=C?-2
Added Pin To Net: NetName=VDD_HIGH_CAP Pin=C?-2
Added Pin To Net: NetName=VDD_SNVS_3V3 Pin=C?-2
Added Pin To Net: NetName=VDD_SNVS_CAP Pin=C?-2
Added Pin To Net: NetName=VDD_SNVS_IN Pin=C?-2
Added Pin To Net: NetName=VDD_SOC_CAP Pin=C?-2
Added Pin To Net: NetName=VDD_SOC_CAP Pin=C?-2
Added Pin To Net: NetName=VDD_SOC_CAP Pin=C?-2
Added Pin To Net: NetName=VDD_SOC_CAP Pin=C?-2
Added Pin To Net: NetName=VDD_USB Pin=C?-2
Added Pin To Net: NetName=VDD_USB Pin=C?-2
Added Pin To Net: NetName=DCDC_1V8 Pin=D?-1
Added Pin To Net: NetName=NetD?_1 Pin=D?-1
Added Pin To Net: NetName=NetD?_1 Pin=D?-1
Added Pin To Net: NetName=VDD_COIN_3V Pin=D?-1
Added Pin To Net: NetName=VDD_SNVS_3V3 Pin=D?-1
Added Pin To Net: NetName=NVCC_SD Pin=D?-2
Added Pin To Net: NetName=VDD_SNVS_IN Pin=D?-2
Added Pin To Net: NetName=VDD_SNVS_IN Pin=D?-2
Added Pin To Net: NetName=NetC6_2 Pin=L1-1
Added Pin To Net: NetName=NetL1_2 Pin=L1-2
Added Pin To Net: NetName=NetL?_2 Pin=L?-2
Added Pin To Net: NetName=NetPWR_1 Pin=PWR-1
Added Pin To Net: NetName=GND Pin=PWR-2
Added Pin To Net: NetName=SD1_VSELECT Pin=Q?-1
Added Pin To Net: NetName=NVCC_SD Pin=Q?-2
Added Pin To Net: NetName=DCDC_3V3 Pin=Q?-3
Added Pin To Net: NetName=NetR2_1 Pin=R2-1
Added Pin To Net: NetName=GND Pin=R2-2
Added Pin To Net: NetName=NetPWR_1 Pin=R3-1
Added Pin To Net: NetName=DCDC_3V3 Pin=R3-2
Added Pin To Net: NetName=DCDC_3V3 Pin=R4-1
Added Pin To Net: NetName=PWR_ON_EN Pin=R4-2
Added Pin To Net: NetName=NetC6_1 Pin=R5-1
Added Pin To Net: NetName=NetC6_2 Pin=R5-2
Added Pin To Net: NetName=GND Pin=R6-1
Added Pin To Net: NetName=NetC6_1 Pin=R6-2
Added Pin To Net: NetName=NetC6_2 Pin=R7-1
Added Pin To Net: NetName=DRAM_1V35 Pin=R7-2
Added Pin To Net: NetName=DRAM_SDCLK0_N Pin=R?-1
Added Pin To Net: NetName=DRAM_VREF Pin=R?-1
Added Pin To Net: NetName=GND Pin=R?-1
Added Pin To Net: NetName=GND Pin=R?-1
Added Pin To Net: NetName=GND Pin=R?-1
Added Pin To Net: NetName=GND Pin=R?-1
Added Pin To Net: NetName=GND Pin=R?-1
Added Pin To Net: NetName=GND Pin=R?-1
Added Pin To Net: NetName=GND Pin=R?-1
Added Pin To Net: NetName=GND Pin=R?-1
Added Pin To Net: NetName=GND Pin=R?-1
Added Pin To Net: NetName=JTAG_MOD Pin=R?-1
Added Pin To Net: NetName=NetR?_1 Pin=R?-1
Added Pin To Net: NetName=NVCC_SD Pin=R?-1
Added Pin To Net: NetName=NVCC_SD Pin=R?-1
Added Pin To Net: NetName=PMIC_ON_REQ Pin=R?-1
Added Pin To Net: NetName=SD1_CLK Pin=R?-1
Added Pin To Net: NetName=SD1_VSELECT Pin=R?-1
Added Pin To Net: NetName=SD2_CLK Pin=R?-1
Added Pin To Net: NetName=SD2_CMD Pin=R?-1
Added Pin To Net: NetName=SYS_3V3 Pin=R?-1
Added Pin To Net: NetName=VDD_COIN_3V Pin=R?-1
Added Pin To Net: NetName=DRAM_1V35 Pin=R?-2
Added Pin To Net: NetName=DRAM_RESET_B Pin=R?-2
Added Pin To Net: NetName=DRAM_SDCKE0 Pin=R?-2
Added Pin To Net: NetName=DRAM_SDCKE1 Pin=R?-2
Added Pin To Net: NetName=DRAM_SDCLK0_P Pin=R?-2
Added Pin To Net: NetName=DRAM_VREF Pin=R?-2
Added Pin To Net: NetName=DRAM_ZQ0 Pin=R?-2
Added Pin To Net: NetName=DRAM_ZQ1 Pin=R?-2
Added Pin To Net: NetName=ENET1_TX_CLK Pin=R?-2
Added Pin To Net: NetName=ENET2_TX_CLK Pin=R?-2
Added Pin To Net: NetName=GND Pin=R?-2
Added Pin To Net: NetName=GND Pin=R?-2
Added Pin To Net: NetName=NetC?_1 Pin=R?-2
Added Pin To Net: NetName=NetR?_2 Pin=R?-2
Added Pin To Net: NetName=NWDOG Pin=R?-2
Added Pin To Net: NetName=RESET Pin=R?-2
Added Pin To Net: NetName=SD1_CMD Pin=R?-2
Added Pin To Net: NetName=SD1_DATA0 Pin=R?-2
Added Pin To Net: NetName=SD2_nRST Pin=R?-2
Added Pin To Net: NetName=VDD_ARM_SOC_IN Pin=R?-2
Added Pin To Net: NetName=VDD_SNVS_3V3 Pin=R?-2
Added Pin To Net: NetName=VDD_SNVS_IN Pin=R?-2
Added Pin To Net: NetName=ZQPAD Pin=R?-2
Added Pin To Net: NetName=NetC6_2 Pin=TP2-1
Added Pin To Net: NetName=DCDC_3V3 Pin=TP?-1
Added Pin To Net: NetName=GND Pin=U1-A1
Added Pin To Net: NetName=SD1_DATA3 Pin=U1-A2
Added Pin To Net: NetName=SD2_DATA7 Pin=U1-A5
Added Pin To Net: NetName=SD2_DATA6 Pin=U1-A6
Added Pin To Net: NetName=SD2_DATA2 Pin=U1-A7
Added Pin To Net: NetName=LCD_DATA1 Pin=U1-A9
Added Pin To Net: NetName=LCD_DATA6 Pin=U1-A10
Added Pin To Net: NetName=LCD_DATA9 Pin=U1-A11
Added Pin To Net: NetName=LCD_DATA14 Pin=U1-A12
Added Pin To Net: NetName=LCD_DATA18 Pin=U1-A13
Added Pin To Net: NetName=LCD_DATA22 Pin=U1-A14
Added Pin To Net: NetName=ENET2_TXD0 Pin=U1-A15
Added Pin To Net: NetName=ENET2_TXD1 Pin=U1-A16
Added Pin To Net: NetName=GND Pin=U1-A17
Added Pin To Net: NetName=SD1_DATA2 Pin=U1-B1
Added Pin To Net: NetName=SD1_DATA1 Pin=U1-B2
Added Pin To Net: NetName=SD1_DATA0 Pin=U1-B3
Added Pin To Net: NetName=SD2_nRST Pin=U1-B4
Added Pin To Net: NetName=SD2_DATA5 Pin=U1-B6
Added Pin To Net: NetName=SD2_DATA1 Pin=U1-B7
Added Pin To Net: NetName=LCD_DATA0 Pin=U1-B9
Added Pin To Net: NetName=LCD_DATA5 Pin=U1-B10
Added Pin To Net: NetName=LCD_DATA8 Pin=U1-B11
Added Pin To Net: NetName=LCD_DATA13 Pin=U1-B12
Added Pin To Net: NetName=LCD_DATA17 Pin=U1-B13
Added Pin To Net: NetName=LCD_DATA21 Pin=U1-B14
Added Pin To Net: NetName=ENET2_TXEN Pin=U1-B15
Added Pin To Net: NetName=LCD_DATA23 Pin=U1-B16
Added Pin To Net: NetName=ENET2_CRS_DV Pin=U1-B17
Added Pin To Net: NetName=SD1_CMD Pin=U1-C2
Added Pin To Net: NetName=GND Pin=U1-C3
Added Pin To Net: NetName=NVCC_SD Pin=U1-C4
Added Pin To Net: NetName=SD2_DATA4 Pin=U1-C6
Added Pin To Net: NetName=GND Pin=U1-C7
Added Pin To Net: NetName=LCD_DATA4 Pin=U1-C10
Added Pin To Net: NetName=GND Pin=U1-C11
Added Pin To Net: NetName=LCD_DATA12 Pin=U1-C12
Added Pin To Net: NetName=LCD_DATA16 Pin=U1-C13
Added Pin To Net: NetName=LCD_DATA20 Pin=U1-C14
Added Pin To Net: NetName=GND Pin=U1-C15
Added Pin To Net: NetName=ENET2_RXD1 Pin=U1-C16
Added Pin To Net: NetName=ENET2_RXD0 Pin=U1-C17
Added Pin To Net: NetName=CSI_DATA7 Pin=U1-D1
Added Pin To Net: NetName=CSI_DATA6 Pin=U1-D2
Added Pin To Net: NetName=CSI_DATA5 Pin=U1-D3
Added Pin To Net: NetName=CSI_DATA4 Pin=U1-D4
Added Pin To Net: NetName=SD2_DATA3 Pin=U1-D6
Added Pin To Net: NetName=SD2_DATA0 Pin=U1-D7
Added Pin To Net: NetName=NetR?_2 Pin=U1-D8
Added Pin To Net: NetName=LCD_DATA3 Pin=U1-D10
Added Pin To Net: NetName=LCD_DATA7 Pin=U1-D11
Added Pin To Net: NetName=LCD_DATA11 Pin=U1-D12
Added Pin To Net: NetName=LCD_DATA15 Pin=U1-D13
Added Pin To Net: NetName=LCD_DATA19 Pin=U1-D14
Added Pin To Net: NetName=ENET1_RXER Pin=U1-D15
Added Pin To Net: NetName=ENET2_RXER Pin=U1-D16
Added Pin To Net: NetName=CSI_DATA3 Pin=U1-E1
Added Pin To Net: NetName=CSI_DATA2 Pin=U1-E2
Added Pin To Net: NetName=CSI_DATA1 Pin=U1-E3
Added Pin To Net: NetName=CSI_DATA0 Pin=U1-E4
Added Pin To Net: NetName=CSI_PIXCLK Pin=U1-E5
Added Pin To Net: NetName=DCDC_3V3 Pin=U1-E7
Added Pin To Net: NetName=GND Pin=U1-E8
Added Pin To Net: NetName=LCD_DATA2 Pin=U1-E10
Added Pin To Net: NetName=GND Pin=U1-E11
Added Pin To Net: NetName=LCD_DATA10 Pin=U1-E12
Added Pin To Net: NetName=DCDC_3V3 Pin=U1-E13
Added Pin To Net: NetName=ENET1_TXD1 Pin=U1-E14
Added Pin To Net: NetName=ENET1_TXD0 Pin=U1-E15
Added Pin To Net: NetName=ENET1_CRS_DV Pin=U1-E16
Added Pin To Net: NetName=ENET1_RXD1 Pin=U1-E17
Added Pin To Net: NetName=DRAM_ODT1 Pin=U1-F1
Added Pin To Net: NetName=CSI_VSYNC Pin=U1-F2
Added Pin To Net: NetName=CSI_HSYNC Pin=U1-F3
Added Pin To Net: NetName=DCDC_3V3 Pin=U1-F4
Added Pin To Net: NetName=CSI_MCLK Pin=U1-F5
Added Pin To Net: NetName=GND Pin=U1-F6
Added Pin To Net: NetName=GND Pin=U1-F7
Added Pin To Net: NetName=GND Pin=U1-F8
Added Pin To Net: NetName=GND Pin=U1-F9
Added Pin To Net: NetName=GND Pin=U1-F10
Added Pin To Net: NetName=GND Pin=U1-F11
Added Pin To Net: NetName=GND Pin=U1-F12
Added Pin To Net: NetName=DCDC_3V3 Pin=U1-F13
Added Pin To Net: NetName=NetR?_1 Pin=U1-F14
Added Pin To Net: NetName=ENET1_TXEN Pin=U1-F15
Added Pin To Net: NetName=ENET1_RXD0 Pin=U1-F16
Added Pin To Net: NetName=UART5_TXD Pin=U1-F17
Added Pin To Net: NetName=DRAM_ADDR14 Pin=U1-G1
Added Pin To Net: NetName=DRAM_ADDR6 Pin=U1-G2
Added Pin To Net: NetName=GND Pin=U1-G3
Added Pin To Net: NetName=DRAM_RESET_B Pin=U1-G4
Added Pin To Net: NetName=GND Pin=U1-G5
Added Pin To Net: NetName=DRAM_1V35 Pin=U1-G6
Added Pin To Net: NetName=GND Pin=U1-G7
Added Pin To Net: NetName=VDD_SOC_CAP Pin=U1-G8
Added Pin To Net: NetName=VDD_ARM_CAP Pin=U1-G9
Added Pin To Net: NetName=VDD_ARM_CAP Pin=U1-G10
Added Pin To Net: NetName=VDD_ARM_CAP Pin=U1-G11
Added Pin To Net: NetName=GND Pin=U1-G12
Added Pin To Net: NetName=UART5_RXD Pin=U1-G13
Added Pin To Net: NetName=UART3_RTS Pin=U1-G14
Added Pin To Net: NetName=GND Pin=U1-G15
Added Pin To Net: NetName=UART4_RXD Pin=U1-G16
Added Pin To Net: NetName=UART4_TXD Pin=U1-G17
Added Pin To Net: NetName=DRAM_SDBA1 Pin=U1-H1
Added Pin To Net: NetName=DRAM_ADDR1 Pin=U1-H2
Added Pin To Net: NetName=DRAM_ADDR13 Pin=U1-H3
Added Pin To Net: NetName=DRAM_ADDR7 Pin=U1-H4
Added Pin To Net: NetName=DRAM_CS1_B Pin=U1-H5
Added Pin To Net: NetName=DRAM_1V35 Pin=U1-H6
Added Pin To Net: NetName=GND Pin=U1-H7
Added Pin To Net: NetName=VDD_SOC_CAP Pin=U1-H8
Added Pin To Net: NetName=VDD_ARM_SOC_IN Pin=U1-H9
Added Pin To Net: NetName=VDD_ARM_SOC_IN Pin=U1-H10
Added Pin To Net: NetName=VDD_ARM_CAP Pin=U1-H11
Added Pin To Net: NetName=GND Pin=U1-H12
Added Pin To Net: NetName=DCDC_3V3 Pin=U1-H13
Added Pin To Net: NetName=UART2_RTS Pin=U1-H14
Added Pin To Net: NetName=UART3_CTS Pin=U1-H15
Added Pin To Net: NetName=UART3_RXD Pin=U1-H16
Added Pin To Net: NetName=UART3_TXD Pin=U1-H17
Added Pin To Net: NetName=DRAM_SDWE_B Pin=U1-J1
Added Pin To Net: NetName=DRAM_CAS_B Pin=U1-J2
Added Pin To Net: NetName=DRAM_SDCKE1 Pin=U1-J3
Added Pin To Net: NetName=DRAM_ADDR8 Pin=U1-J4
Added Pin To Net: NetName=GND Pin=U1-J5
Added Pin To Net: NetName=DRAM_1V35 Pin=U1-J6
Added Pin To Net: NetName=GND Pin=U1-J7
Added Pin To Net: NetName=VDD_SOC_CAP Pin=U1-J8
Added Pin To Net: NetName=VDD_ARM_SOC_IN Pin=U1-J9
Added Pin To Net: NetName=VDD_ARM_SOC_IN Pin=U1-J10
Added Pin To Net: NetName=VDD_SOC_CAP Pin=U1-J11
Added Pin To Net: NetName=GND Pin=U1-J12
Added Pin To Net: NetName=DCDC_3V3 Pin=U1-J13
Added Pin To Net: NetName=UART1_RTS Pin=U1-J14
Added Pin To Net: NetName=UART2_CTS Pin=U1-J15
Added Pin To Net: NetName=UART2_RXD Pin=U1-J16
Added Pin To Net: NetName=UART2_TXD Pin=U1-J17
Added Pin To Net: NetName=DRAM_ADDR2 Pin=U1-K1
Added Pin To Net: NetName=DRAM_SDBA2 Pin=U1-K2
Added Pin To Net: NetName=DRAM_ADDR11 Pin=U1-K3
Added Pin To Net: NetName=DRAM_ADDR4 Pin=U1-K4
Added Pin To Net: NetName=DRAM_ADDR15 Pin=U1-K5
Added Pin To Net: NetName=DRAM_1V35 Pin=U1-K6
Added Pin To Net: NetName=GND Pin=U1-K7
Added Pin To Net: NetName=VDD_SOC_CAP Pin=U1-K8
Added Pin To Net: NetName=VDD_ARM_SOC_IN Pin=U1-K9
Added Pin To Net: NetName=VDD_ARM_SOC_IN Pin=U1-K10
Added Pin To Net: NetName=VDD_SOC_CAP Pin=U1-K11
Added Pin To Net: NetName=GND Pin=U1-K12
Added Pin To Net: NetName=USB_OTG1_ID Pin=U1-K13
Added Pin To Net: NetName=UART1_TXD Pin=U1-K14
Added Pin To Net: NetName=UART1_CTS Pin=U1-K15
Added Pin To Net: NetName=UART1_RXD Pin=U1-K16
Added Pin To Net: NetName=ENET_MDIO Pin=U1-K17
Added Pin To Net: NetName=DRAM_ADDR5 Pin=U1-L1
Added Pin To Net: NetName=DRAM_ADDR9 Pin=U1-L2
Added Pin To Net: NetName=GND Pin=U1-L3
Added Pin To Net: NetName=DRAM_ADDR12 Pin=U1-L4
Added Pin To Net: NetName=DRAM_ADDR0 Pin=U1-L5
Added Pin To Net: NetName=DRAM_1V35 Pin=U1-L6
Added Pin To Net: NetName=GND Pin=U1-L7
Added Pin To Net: NetName=VDD_SOC_CAP Pin=U1-L8
Added Pin To Net: NetName=VDD_SOC_CAP Pin=U1-L9
Added Pin To Net: NetName=VDD_SOC_CAP Pin=U1-L10
Added Pin To Net: NetName=VDD_SOC_CAP Pin=U1-L11
Added Pin To Net: NetName=GND Pin=U1-L12
Added Pin To Net: NetName=VDDA_ADC_3V3 Pin=U1-L13
Added Pin To Net: NetName=USB_OTG2_PWR Pin=U1-L14
Added Pin To Net: NetName=USB_OTG1_OC Pin=U1-L15
Added Pin To Net: NetName=ENET_MDC Pin=U1-L16
Added Pin To Net: NetName=USB_OTG2_OC Pin=U1-L17
Added Pin To Net: NetName=DRAM_SDBA0 Pin=U1-M1
Added Pin To Net: NetName=DRAM_ADDR3 Pin=U1-M2
Added Pin To Net: NetName=DRAM_SDCKE0 Pin=U1-M3
Added Pin To Net: NetName=DRAM_ADDR10 Pin=U1-M4
Added Pin To Net: NetName=DRAM_RAS_B Pin=U1-M5
Added Pin To Net: NetName=DRAM_1V35 Pin=U1-M6
Added Pin To Net: NetName=GND Pin=U1-M7
Added Pin To Net: NetName=GND Pin=U1-M8
Added Pin To Net: NetName=GND Pin=U1-M9
Added Pin To Net: NetName=GND Pin=U1-M10
Added Pin To Net: NetName=GND Pin=U1-M11
Added Pin To Net: NetName=GND Pin=U1-M12
Added Pin To Net: NetName=VDDA_ADC_3V3 Pin=U1-M13
Added Pin To Net: NetName=JTAG_TCK Pin=U1-M14
Added Pin To Net: NetName=SD1_nRST Pin=U1-M15
Added Pin To Net: NetName=USB_OTG1_PWR Pin=U1-M16
Added Pin To Net: NetName=SD1_VSELECT Pin=U1-M17
Added Pin To Net: NetName=DRAM_ODT0 Pin=U1-N1
Added Pin To Net: NetName=DRAM_CS0_B Pin=U1-N2
Added Pin To Net: NetName=GND Pin=U1-N3
Added Pin To Net: NetName=ZQPAD Pin=U1-N4
Added Pin To Net: NetName=GND Pin=U1-N5
Added Pin To Net: NetName=VDD_HIGH_CAP Pin=U1-N6
Added Pin To Net: NetName=GND Pin=U1-N7
Added Pin To Net: NetName=GPIO5_IO05 Pin=U1-N8
Added Pin To Net: NetName=GPIO5_IO08 Pin=U1-N9
Added Pin To Net: NetName=GPIO5_IO07 Pin=U1-N10
Added Pin To Net: NetName=GPIO5_IO06 Pin=U1-N11
Added Pin To Net: NetName=VDD_SNVS_CAP Pin=U1-N12
Added Pin To Net: NetName=DCDC_3V3 Pin=U1-N13
Added Pin To Net: NetName=JTAG_NTRST Pin=U1-N14
Added Pin To Net: NetName=JTAG_TDO Pin=U1-N15
Added Pin To Net: NetName=JTAG_TDI Pin=U1-N16
Added Pin To Net: NetName=BLT_PWM Pin=U1-N17
Added Pin To Net: NetName=DRAM_SDCLK0_P Pin=U1-P1
Added Pin To Net: NetName=DRAM_SDCLK0_N Pin=U1-P2
Added Pin To Net: NetName=DRAM_DATA13 Pin=U1-P3
Added Pin To Net: NetName=DRAM_VREF Pin=U1-P4
Added Pin To Net: NetName=DRAM_DATA12 Pin=U1-P5
Added Pin To Net: NetName=DRAM_SDQS0_P Pin=U1-P6
Added Pin To Net: NetName=DRAM_SDQS0_N Pin=U1-P7
Added Pin To Net: NetName=POR_B Pin=U1-P8
Added Pin To Net: NetName=GPIO5_IO04 Pin=U1-P9
Added Pin To Net: NetName=GPIO5_IO03 Pin=U1-P10
Added Pin To Net: NetName=GPIO5_IO02 Pin=U1-P11
Added Pin To Net: NetName=VDD_SNVS_IN Pin=U1-P12
Added Pin To Net: NetName=NVCC_PLL_OUT Pin=U1-P13
Added Pin To Net: NetName=JTAG_TMS Pin=U1-P14
Added Pin To Net: NetName=JTAG_MOD Pin=U1-P15
Added Pin To Net: NetName=CLK1_N Pin=U1-P16
Added Pin To Net: NetName=CLK1_P Pin=U1-P17
Added Pin To Net: NetName=DRAM_DATA15 Pin=U1-R1
Added Pin To Net: NetName=DRAM_DATA14 Pin=U1-R2
Added Pin To Net: NetName=GND Pin=U1-R3
Added Pin To Net: NetName=DRAM_DATA11 Pin=U1-R4
Added Pin To Net: NetName=GND Pin=U1-R5
Added Pin To Net: NetName=GPIO5_IO09 Pin=U1-R6
Added Pin To Net: NetName=GND Pin=U1-R7
Added Pin To Net: NetName=ONOFF Pin=U1-R8
Added Pin To Net: NetName=GPIO5_IO01 Pin=U1-R9
Added Pin To Net: NetName=GPIO5_IO00 Pin=U1-R10
Added Pin To Net: NetName=GND Pin=U1-R11
Added Pin To Net: NetName=VDD_USB Pin=U1-R12
Added Pin To Net: NetName=VDD_HIGH_CAP Pin=U1-R14
Added Pin To Net: NetName=VDD_HIGH_CAP Pin=U1-R15
Added Pin To Net: NetName=GND Pin=U1-R16
Added Pin To Net: NetName=GND Pin=U1-R17
Added Pin To Net: NetName=DRAM_SDQS1_P Pin=U1-T1
Added Pin To Net: NetName=DRAM_SDQS1_N Pin=U1-T2
Added Pin To Net: NetName=DRAM_DQM1 Pin=U1-T3
Added Pin To Net: NetName=DRAM_DATA0 Pin=U1-T4
Added Pin To Net: NetName=DRAM_DATA6 Pin=U1-T5
Added Pin To Net: NetName=DRAM_DATA2 Pin=U1-T6
Added Pin To Net: NetName=DRAM_DQM0 Pin=U1-T7
Added Pin To Net: NetName=DRAM_DATA5 Pin=U1-T8
Added Pin To Net: NetName=PMIC_ON_REQ Pin=U1-T9
Added Pin To Net: NetName=BOOT_MODE0 Pin=U1-T10
Added Pin To Net: NetName=NetC?_2 Pin=U1-T11
Added Pin To Net: NetName=USB_OTG1_VBUS Pin=U1-T12
Added Pin To Net: NetName=USB_OTG2_DN Pin=U1-T13
Added Pin To Net: NetName=GND Pin=U1-T14
Added Pin To Net: NetName=USB_OTG1_DN Pin=U1-T15
Added Pin To Net: NetName=NetC?_1 Pin=U1-T17
Added Pin To Net: NetName=GND Pin=U1-U1
Added Pin To Net: NetName=DRAM_DATA8 Pin=U1-U2
Added Pin To Net: NetName=DRAM_DATA9 Pin=U1-U3
Added Pin To Net: NetName=DRAM_DATA7 Pin=U1-U4
Added Pin To Net: NetName=DRAM_DATA10 Pin=U1-U5
Added Pin To Net: NetName=DRAM_DATA1 Pin=U1-U6
Added Pin To Net: NetName=DRAM_DATA3 Pin=U1-U7
Added Pin To Net: NetName=DRAM_DATA4 Pin=U1-U8
Added Pin To Net: NetName=PMIC_STBY_REQ Pin=U1-U9
Added Pin To Net: NetName=BOOT_MODE1 Pin=U1-U10
Added Pin To Net: NetName=USB_OTG2_VBUS Pin=U1-U12
Added Pin To Net: NetName=USB_OTG2_DP Pin=U1-U13
Added Pin To Net: NetName=GND Pin=U1-U14
Added Pin To Net: NetName=USB_OTG1_DP Pin=U1-U15
Added Pin To Net: NetName=NUSB_OTG_CHD Pin=U1-U16
Added Pin To Net: NetName=GND Pin=U1-U17
Added Pin To Net: NetName=GND Pin=U2-1
Added Pin To Net: NetName=NetD?_1 Pin=U2-3
Added Pin To Net: NetName=SYS_3V3 Pin=U2-4
Added Pin To Net: NetName=DCDC_3V3 Pin=U3-1
Added Pin To Net: NetName=GND Pin=U3-2
Added Pin To Net: NetName=NetR2_1 Pin=U3-3
Added Pin To Net: NetName=SYS_3V3 Pin=U3-5
Added Pin To Net: NetName=DCDC_3V3 Pin=U4-1
Added Pin To Net: NetName=GND Pin=U4-2
Added Pin To Net: NetName=NetL1_2 Pin=U4-3
Added Pin To Net: NetName=DCDC_3V3 Pin=U4-4
Added Pin To Net: NetName=NetC6_1 Pin=U4-6
Added Pin To Net: NetName=DCDC_3V3 Pin=U5-1
Added Pin To Net: NetName=GND Pin=U5-2
Added Pin To Net: NetName=NetL?_2 Pin=U5-3
Added Pin To Net: NetName=DCDC_3V3 Pin=U5-4
Added Pin To Net: NetName=GND Pin=U6-1
Added Pin To Net: NetName=DCDC_1V8 Pin=U6-2
Added Pin To Net: NetName=DCDC_3V3 Pin=U6-3
Added Pin To Net: NetName=DRAM_1V35 Pin=U10-A1
Added Pin To Net: NetName=DRAM_DATA13 Pin=U10-A2
Added Pin To Net: NetName=DRAM_DATA15 Pin=U10-A3
Added Pin To Net: NetName=DRAM_DATA12 Pin=U10-A7
Added Pin To Net: NetName=DRAM_1V35 Pin=U10-A8
Added Pin To Net: NetName=GND Pin=U10-A9
Added Pin To Net: NetName=GND Pin=U10-B1
Added Pin To Net: NetName=DRAM_1V35 Pin=U10-B2
Added Pin To Net: NetName=GND Pin=U10-B3
Added Pin To Net: NetName=DRAM_SDQS1_N Pin=U10-B7
Added Pin To Net: NetName=DRAM_DATA14 Pin=U10-B8
Added Pin To Net: NetName=GND Pin=U10-B9
Added Pin To Net: NetName=DRAM_1V35 Pin=U10-C1
Added Pin To Net: NetName=DRAM_DATA11 Pin=U10-C2
Added Pin To Net: NetName=DRAM_DATA9 Pin=U10-C3
Added Pin To Net: NetName=DRAM_SDQS1_P Pin=U10-C7
Added Pin To Net: NetName=DRAM_DATA10 Pin=U10-C8
Added Pin To Net: NetName=DRAM_1V35 Pin=U10-C9
Added Pin To Net: NetName=GND Pin=U10-D1
Added Pin To Net: NetName=DRAM_1V35 Pin=U10-D2
Added Pin To Net: NetName=DRAM_DQM1 Pin=U10-D3
Added Pin To Net: NetName=DRAM_DATA8 Pin=U10-D7
Added Pin To Net: NetName=GND Pin=U10-D8
Added Pin To Net: NetName=DRAM_1V35 Pin=U10-D9
Added Pin To Net: NetName=GND Pin=U10-E1
Added Pin To Net: NetName=GND Pin=U10-E2
Added Pin To Net: NetName=DRAM_DATA0 Pin=U10-E3
Added Pin To Net: NetName=DRAM_DQM0 Pin=U10-E7
Added Pin To Net: NetName=GND Pin=U10-E8
Added Pin To Net: NetName=DRAM_1V35 Pin=U10-E9
Added Pin To Net: NetName=DRAM_1V35 Pin=U10-F1
Added Pin To Net: NetName=DRAM_DATA2 Pin=U10-F2
Added Pin To Net: NetName=DRAM_SDQS0_P Pin=U10-F3
Added Pin To Net: NetName=DRAM_DATA1 Pin=U10-F7
Added Pin To Net: NetName=DRAM_DATA3 Pin=U10-F8
Added Pin To Net: NetName=GND Pin=U10-F9
Added Pin To Net: NetName=GND Pin=U10-G1
Added Pin To Net: NetName=DRAM_DATA6 Pin=U10-G2
Added Pin To Net: NetName=DRAM_SDQS0_N Pin=U10-G3
Added Pin To Net: NetName=DRAM_1V35 Pin=U10-G7
Added Pin To Net: NetName=GND Pin=U10-G8
Added Pin To Net: NetName=GND Pin=U10-G9
Added Pin To Net: NetName=DRAM_VREF Pin=U10-H1
Added Pin To Net: NetName=DRAM_1V35 Pin=U10-H2
Added Pin To Net: NetName=DRAM_DATA4 Pin=U10-H3
Added Pin To Net: NetName=DRAM_DATA7 Pin=U10-H7
Added Pin To Net: NetName=DRAM_DATA5 Pin=U10-H8
Added Pin To Net: NetName=DRAM_1V35 Pin=U10-H9
Added Pin To Net: NetName=DRAM_ODT1 Pin=U10-J1
Added Pin To Net: NetName=GND Pin=U10-J2
Added Pin To Net: NetName=DRAM_RAS_B Pin=U10-J3
Added Pin To Net: NetName=DRAM_SDCLK0_P Pin=U10-J7
Added Pin To Net: NetName=GND Pin=U10-J8
Added Pin To Net: NetName=DRAM_SDCKE1 Pin=U10-J9
Added Pin To Net: NetName=DRAM_ODT0 Pin=U10-K1
Added Pin To Net: NetName=DRAM_1V35 Pin=U10-K2
Added Pin To Net: NetName=DRAM_CAS_B Pin=U10-K3
Added Pin To Net: NetName=DRAM_SDCLK0_N Pin=U10-K7
Added Pin To Net: NetName=DRAM_1V35 Pin=U10-K8
Added Pin To Net: NetName=DRAM_SDCKE0 Pin=U10-K9
Added Pin To Net: NetName=DRAM_CS1_B Pin=U10-L1
Added Pin To Net: NetName=DRAM_CS0_B Pin=U10-L2
Added Pin To Net: NetName=DRAM_SDWE_B Pin=U10-L3
Added Pin To Net: NetName=DRAM_ADDR10 Pin=U10-L7
Added Pin To Net: NetName=DRAM_ZQ0 Pin=U10-L8
Added Pin To Net: NetName=DRAM_ZQ1 Pin=U10-L9
Added Pin To Net: NetName=GND Pin=U10-M1
Added Pin To Net: NetName=DRAM_SDBA0 Pin=U10-M2
Added Pin To Net: NetName=DRAM_SDBA2 Pin=U10-M3
Added Pin To Net: NetName=DRAM_ADDR15 Pin=U10-M7
Added Pin To Net: NetName=DRAM_VREF Pin=U10-M8
Added Pin To Net: NetName=GND Pin=U10-M9
Added Pin To Net: NetName=DRAM_1V35 Pin=U10-N1
Added Pin To Net: NetName=DRAM_ADDR3 Pin=U10-N2
Added Pin To Net: NetName=DRAM_ADDR0 Pin=U10-N3
Added Pin To Net: NetName=DRAM_ADDR12 Pin=U10-N7
Added Pin To Net: NetName=DRAM_SDBA1 Pin=U10-N8
Added Pin To Net: NetName=DRAM_1V35 Pin=U10-N9
Added Pin To Net: NetName=GND Pin=U10-P1
Added Pin To Net: NetName=DRAM_ADDR5 Pin=U10-P2
Added Pin To Net: NetName=DRAM_ADDR2 Pin=U10-P3
Added Pin To Net: NetName=DRAM_ADDR1 Pin=U10-P7
Added Pin To Net: NetName=DRAM_ADDR4 Pin=U10-P8
Added Pin To Net: NetName=GND Pin=U10-P9
Added Pin To Net: NetName=DRAM_1V35 Pin=U10-R1
Added Pin To Net: NetName=DRAM_ADDR7 Pin=U10-R2
Added Pin To Net: NetName=DRAM_ADDR9 Pin=U10-R3
Added Pin To Net: NetName=DRAM_ADDR11 Pin=U10-R7
Added Pin To Net: NetName=DRAM_ADDR6 Pin=U10-R8
Added Pin To Net: NetName=DRAM_1V35 Pin=U10-R9
Added Pin To Net: NetName=GND Pin=U10-T1
Added Pin To Net: NetName=DRAM_RESET_B Pin=U10-T2
Added Pin To Net: NetName=DRAM_ADDR13 Pin=U10-T3
Added Pin To Net: NetName=DRAM_ADDR14 Pin=U10-T7
Added Pin To Net: NetName=DRAM_ADDR8 Pin=U10-T8
Added Pin To Net: NetName=GND Pin=U10-T9
Added Pin To Net: NetName=SD2_DATA0 Pin=U?-A3
Added Pin To Net: NetName=SD2_DATA1 Pin=U?-A4
Added Pin To Net: NetName=SD2_DATA2 Pin=U?-A5
Added Pin To Net: NetName=SD2_DATA3 Pin=U?-B2
Added Pin To Net: NetName=SD2_DATA4 Pin=U?-B3
Added Pin To Net: NetName=SD2_DATA5 Pin=U?-B4
Added Pin To Net: NetName=SD2_DATA6 Pin=U?-B5
Added Pin To Net: NetName=SD2_DATA7 Pin=U?-B6
Added Pin To Net: NetName=EMMC_VDDIM Pin=U?-C2
Added Pin To Net: NetName=GND Pin=U?-C4
Added Pin To Net: NetName=DCDC_3V3 Pin=U?-C6
Added Pin To Net: NetName=DCDC_3V3 Pin=U?-E6
Added Pin To Net: NetName=GND Pin=U?-E7
Added Pin To Net: NetName=DCDC_3V3 Pin=U?-F5
Added Pin To Net: NetName=GND Pin=U?-G5
Added Pin To Net: NetName=GND Pin=U?-H10
Added Pin To Net: NetName=DCDC_3V3 Pin=U?-J10
Added Pin To Net: NetName=SD2_nRST Pin=U?-K5
Added Pin To Net: NetName=GND Pin=U?-K8
Added Pin To Net: NetName=DCDC_3V3 Pin=U?-K9
Added Pin To Net: NetName=DCDC_3V3 Pin=U?-M4
Added Pin To Net: NetName=SD2_CMD Pin=U?-M5
Added Pin To Net: NetName=SD2_CLK Pin=U?-M6
Added Pin To Net: NetName=GND Pin=U?-N2
Added Pin To Net: NetName=DCDC_3V3 Pin=U?-N4
Added Pin To Net: NetName=GND Pin=U?-N5
Added Pin To Net: NetName=DCDC_3V3 Pin=U?-P3
Added Pin To Net: NetName=GND Pin=U?-P4
Added Pin To Net: NetName=DCDC_3V3 Pin=U?-P5
Added Pin To Net: NetName=GND Pin=U?-P6
Added Pin To Net: NetName=NetC?_1 Pin=X?-1
Added Pin To Net: NetName=GND Pin=X?-2
Added Pin To Net: NetName=GND Pin=X?-4
Added Pin To Net: NetName=NetC?_2 Pin=Y?-2
Added Member To Class: ClassName=Power Member=Component C2 10uF
Added Member To Class: ClassName=Power Member=Component C4 0.01uF
Added Member To Class: ClassName=Power Member=Component C6 22pF
Added Member To Class: ClassName=Power Member=Component C7 0.1uF
Added Member To Class: ClassName=DDR Member=Component C? 22uF
Added Member To Class: ClassName=DDR Member=Component C? 0.1uF
Added Member To Class: ClassName=DDR Member=Component C? 0.1uF
Added Member To Class: ClassName=DDR Member=Component C? 4.7uF
Added Member To Class: ClassName=DDR Member=Component C? 2.2pF
Added Member To Class: ClassName=DDR Member=Component C? 2.2pF
Added Member To Class: ClassName=DDR Member=Component C? 0.22uF
Added Member To Class: ClassName=DDR Member=Component C? 0.22uF
Added Member To Class: ClassName=DDR Member=Component C? 0.22uF
Added Member To Class: ClassName=DDR Member=Component C? 0.22uF
Added Member To Class: ClassName=DDR Member=Component C? 0.22uF
Added Member To Class: ClassName=DDR Member=Component C? 0.22uF
Added Member To Class: ClassName=DDR Member=Component C? 10uF
Added Member To Class: ClassName=DDR Member=Component C? 0.22uF
Added Member To Class: ClassName=DDR Member=Component C? 0.22uF
Added Member To Class: ClassName=DDR Member=Component C? 0.22uF
Added Member To Class: ClassName=DDR Member=Component C? 0.22uF
Added Member To Class: ClassName=DDR Member=Component C? 0.22uF
Added Member To Class: ClassName=DDR Member=Component C? 0.22uF
Added Member To Class: ClassName=DDR Member=Component C? 0.22uF
Added Member To Class: ClassName=DDR Member=Component C? 0.22uF
Added Member To Class: ClassName=DDR Member=Component C? 0.22uF
Added Member To Class: ClassName=DDR Member=Component C? 0.22uF
Added Member To Class: ClassName=DDR Member=Component C? 0.22uF
Added Member To Class: ClassName=DDR Member=Component C? 0.22uF
Added Member To Class: ClassName=DDR Member=Component C? 0.22uF
Added Member To Class: ClassName=DDR Member=Component C? 0.22uF
Added Member To Class: ClassName=DDR Member=Component C? 0.22uF
Added Member To Class: ClassName=eMMC Member=Component C? 0.1uF
Added Member To Class: ClassName=eMMC Member=Component C? 0.1uF
Added Member To Class: ClassName=eMMC Member=Component C? 1uF
Added Member To Class: ClassName=eMMC Member=Component C? 0.1uF
Added Member To Class: ClassName=eMMC Member=Component C? 0.1uF
Added Member To Class: ClassName=eMMC Member=Component C? 0.1uF
Added Member To Class: ClassName=eMMC Member=Component C? 0.1uF
Added Member To Class: ClassName=eMMC Member=Component C? 4.7uF
Added Member To Class: ClassName=eMMC Member=Component C? 0.1uF
Added Member To Class: ClassName=eMMC Member=Component C? 0.1uF
Added Member To Class: ClassName=eMMC Member=Component C? 4.7uF
Added Member To Class: ClassName=Imx6ull Member=Component C? 0.22uF
Added Member To Class: ClassName=Imx6ull Member=Component C? 1uF
Added Member To Class: ClassName=Imx6ull Member=Component C? 100nF
Added Member To Class: ClassName=Imx6ull Member=Component C? 100nF
Added Member To Class: ClassName=Imx6ull Member=Component C? 100nF
Added Member To Class: ClassName=Imx6ull Member=Component C? 0.1uF
Added Member To Class: ClassName=Imx6ull Member=Component C? 0.1uF
Added Member To Class: ClassName=Imx6ull Member=Component C? 0.22uF
Added Member To Class: ClassName=Imx6ull Member=Component C? 18pF
Added Member To Class: ClassName=Imx6ull Member=Component C? 18pF
Added Member To Class: ClassName=Imx6ull Member=Component C? 18pF
Added Member To Class: ClassName=Imx6ull Member=Component C? 18pF
Added Member To Class: ClassName=Imx6ull Member=Component C? 0.22uF
Added Member To Class: ClassName=Imx6ull Member=Component C? 0.22uF
Added Member To Class: ClassName=Imx6ull Member=Component C? 0.22uF
Added Member To Class: ClassName=Power Member=Component C? 22uF
Added Member To Class: ClassName=Power Member=Component C? 22uF
Added Member To Class: ClassName=Power Member=Component C? 22uF
Added Member To Class: ClassName=Power Member=Component C? 22uF
Added Member To Class: ClassName=Power Member=Component C? 0.22uF
Added Member To Class: ClassName=Power Member=Component C? 0.1uF
Added Member To Class: ClassName=Power Member=Component C? 0.22uF
Added Member To Class: ClassName=Power Member=Component C? 0.22uF
Added Member To Class: ClassName=Power Member=Component C? 0.22uF
Added Member To Class: ClassName=Power Member=Component C? 0.22uF
Added Member To Class: ClassName=Power Member=Component C? 0.22uF
Added Member To Class: ClassName=Power Member=Component C? 10uF
Added Member To Class: ClassName=Power Member=Component C? 0.22uF
Added Member To Class: ClassName=Power Member=Component C? 10uF
Added Member To Class: ClassName=Power Member=Component C? 0.22uF
Added Member To Class: ClassName=Power Member=Component C? 0.22uF
Added Member To Class: ClassName=Power Member=Component C? 0.22uF
Added Member To Class: ClassName=Power Member=Component C? 22uF
Added Member To Class: ClassName=Power Member=Component C? 0.22uF
Added Member To Class: ClassName=Power Member=Component C? 0.22uF
Added Member To Class: ClassName=Power Member=Component C? 22uF
Added Member To Class: ClassName=Power Member=Component C? 0.22uF
Added Member To Class: ClassName=Power Member=Component C? 4.7uF
Added Member To Class: ClassName=Power Member=Component C? 0.22uF
Added Member To Class: ClassName=Power Member=Component C? 0.22uF
Added Member To Class: ClassName=Power Member=Component C? 4.7uF
Added Member To Class: ClassName=Power Member=Component C? 22uF
Added Member To Class: ClassName=Power Member=Component C? 1uF
Added Member To Class: ClassName=Power Member=Component C? 1uF
Added Member To Class: ClassName=Power Member=Component C? 1uF
Added Member To Class: ClassName=Power Member=Component C? 10uF
Added Member To Class: ClassName=Power Member=Component C? 0.1uF
Added Member To Class: ClassName=Power Member=Component C? 22pF
Added Member To Class: ClassName=Power Member=Component C? 0.01uF
Added Member To Class: ClassName=Power Member=Component D? RB521S30
Added Member To Class: ClassName=Power Member=Component D? RB521S30
Added Member To Class: ClassName=Power Member=Component D? RB521S-30
Added Member To Class: ClassName=Power Member=Component D? RB521S-30
Added Member To Class: ClassName=Power Member=Component D? 1N5819W
Added Member To Class: ClassName=Power Member=Component L1 2.2uH
Added Member To Class: ClassName=Power Member=Component L? 2.2uH
Added Member To Class: ClassName=Power Member=Component PWR 
Added Member To Class: ClassName=Power Member=Component Q? WST3325
Added Member To Class: ClassName=Power Member=Component R2 3.4K
Added Member To Class: ClassName=Power Member=Component R3 1K
Added Member To Class: ClassName=Power Member=Component R4 10K
Added Member To Class: ClassName=Power Member=Component R5 124K
Added Member To Class: ClassName=Power Member=Component R6 100K
Added Member To Class: ClassName=Power Member=Component R7 0R
Added Member To Class: ClassName=DDR Member=Component R? 1.5K
Added Member To Class: ClassName=DDR Member=Component R? 1.5K
Added Member To Class: ClassName=DDR Member=Component R? 470R
Added Member To Class: ClassName=DDR Member=Component R? 10K
Added Member To Class: ClassName=DDR Member=Component R? 10K
Added Member To Class: ClassName=DDR Member=Component R? 240R
Added Member To Class: ClassName=DDR Member=Component R? 10K
Added Member To Class: ClassName=DDR Member=Component R? 240R
Added Member To Class: ClassName=DDR Member=Component R? 240R
Added Member To Class: ClassName=eMMC Member=Component R? 10R
Added Member To Class: ClassName=eMMC Member=Component R? 10R
Added Member To Class: ClassName=eMMC Member=Component R? 10K
Added Member To Class: ClassName=Imx6ull Member=Component R? 10K
Added Member To Class: ClassName=Imx6ull Member=Component R? 10K
Added Member To Class: ClassName=Imx6ull Member=Component R? 10R
Added Member To Class: ClassName=Imx6ull Member=Component R? 10K
Added Member To Class: ClassName=Imx6ull Member=Component R? 1M
Added Member To Class: ClassName=Imx6ull Member=Component R? 10R
Added Member To Class: ClassName=Imx6ull Member=Component R? 10R
Added Member To Class: ClassName=Power Member=Component R? 1M
Added Member To Class: ClassName=Power Member=Component R? 50R
Added Member To Class: ClassName=Power Member=Component R? 10K
Added Member To Class: ClassName=Power Member=Component R? 1K
Added Member To Class: ClassName=Power Member=Component R? 0R
Added Member To Class: ClassName=Power Member=Component R? 10K
Added Member To Class: ClassName=Power Member=Component R? 0R
Added Member To Class: ClassName=Power Member=Component R? 100K
Added Member To Class: ClassName=Power Member=Component R? 124K
Added Member To Class: ClassName=Power Member=Component TP2 SOC_IN
Added Member To Class: ClassName=Power Member=Component TP? SOC_IN
Added Member To Class: ClassName=Power Member=Component TP? SOC_IN
Added Member To Class: ClassName=Power Member=Component U1 MCIMX6Y2CVM0xAB
Added Member To Class: ClassName=Power Member=Component U2 UM805RE/VP811REUS
Added Member To Class: ClassName=Power Member=Component U3 MT9700
Added Member To Class: ClassName=Power Member=Component U4 MT3420B
Added Member To Class: ClassName=Power Member=Component U5 MT3420B
Added Member To Class: ClassName=Power Member=Component U6 RT9166-18GVL
Added Member To Class: ClassName=DDR Member=Component U10 MT41K256M16TW
Added Member To Class: ClassName=eMMC Member=Component U? FEMDRW008G
Added Member To Class: ClassName=Imx6ull Member=Component X? 24MHz
Added Member To Class: ClassName=Imx6ull Member=Component Y? 32.768KHz
Added Room: Name=DDR
Added Room: Name=eMMC
Added Room: Name=Imx6ull
Added Room: Name=Power
