Removed Pin From Net: NetName=LCD_BL Pin=J3-1
Removed Pin From Net: NetName=LCD_BL Pin=J3-1
Removed Pin From Net: NetName=LCD_BL Pin=J3-1
Removed Pin From Net: NetName=LCD_DE Pin=J3-2
Removed Pin From Net: NetName=LCD_DE Pin=J3-2
Removed Pin From Net: NetName=LCD_DE Pin=J3-2
Removed Pin From Net: NetName=LCD_VSYNC Pin=J3-3
Removed Pin From Net: NetName=LCD_VSYNC Pin=J3-3
Removed Pin From Net: NetName=LCD_VSYNC Pin=J3-3
Removed Pin From Net: NetName=LCD_HSYNC Pin=J3-4
Removed Pin From Net: NetName=LCD_HSYNC Pin=J3-4
Removed Pin From Net: NetName=LCD_HSYNC Pin=J3-4
Removed Pin From Net: NetName=LCD_PCLK Pin=J3-5
Removed Pin From Net: NetName=LCD_PCLK Pin=J3-5
Removed Pin From Net: NetName=LCD_PCLK Pin=J3-5
Removed Pin From Net: NetName=LCD_DATA7 Pin=J3-6
Removed Pin From Net: NetName=LCD_DATA7 Pin=J3-6
Removed Pin From Net: NetName=LCD_DATA7 Pin=J3-6
Removed Pin From Net: NetName=LCD_DATA6 Pin=J3-7
Removed Pin From Net: NetName=LCD_DATA6 Pin=J3-7
Removed Pin From Net: NetName=LCD_DATA6 Pin=J3-7
Removed Pin From Net: NetName=LCD_DATA5 Pin=J3-8
Removed Pin From Net: NetName=LCD_DATA5 Pin=J3-8
Removed Pin From Net: NetName=LCD_DATA5 Pin=J3-8
Removed Pin From Net: NetName=LCD_DATA4 Pin=J3-9
Removed Pin From Net: NetName=LCD_DATA4 Pin=J3-9
Removed Pin From Net: NetName=LCD_DATA4 Pin=J3-9
Removed Pin From Net: NetName=LCD_DATA3 Pin=J3-10
Removed Pin From Net: NetName=LCD_DATA3 Pin=J3-10
Removed Pin From Net: NetName=LCD_DATA3 Pin=J3-10
Removed Pin From Net: NetName=LCD_DATA2 Pin=J3-11
Removed Pin From Net: NetName=LCD_DATA2 Pin=J3-11
Removed Pin From Net: NetName=LCD_DATA2 Pin=J3-11
Removed Pin From Net: NetName=LCD_DATA1 Pin=J3-12
Removed Pin From Net: NetName=LCD_DATA1 Pin=J3-12
Removed Pin From Net: NetName=LCD_DATA1 Pin=J3-12
Removed Pin From Net: NetName=LCD_DATA0 Pin=J3-13
Removed Pin From Net: NetName=LCD_DATA0 Pin=J3-13
Removed Pin From Net: NetName=LCD_DATA0 Pin=J3-13
Removed Pin From Net: NetName=LCD_DATA15 Pin=J3-14
Removed Pin From Net: NetName=LCD_DATA15 Pin=J3-14
Removed Pin From Net: NetName=LCD_DATA15 Pin=J3-14
Removed Pin From Net: NetName=LCD_DATA13 Pin=J3-16
Removed Pin From Net: NetName=LCD_DATA13 Pin=J3-16
Removed Pin From Net: NetName=LCD_DATA13 Pin=J3-16
Removed Pin From Net: NetName=LCD_DATA12 Pin=J3-17
Removed Pin From Net: NetName=LCD_DATA12 Pin=J3-17
Removed Pin From Net: NetName=LCD_DATA12 Pin=J3-17
Removed Pin From Net: NetName=LCD_DATA11 Pin=J3-18
Removed Pin From Net: NetName=LCD_DATA11 Pin=J3-18
Removed Pin From Net: NetName=LCD_DATA11 Pin=J3-18
Removed Pin From Net: NetName=LCD_DATA10 Pin=J3-19
Removed Pin From Net: NetName=LCD_DATA10 Pin=J3-19
Removed Pin From Net: NetName=LCD_DATA10 Pin=J3-19
Removed Pin From Net: NetName=LCD_DATA9 Pin=J3-20
Removed Pin From Net: NetName=LCD_DATA9 Pin=J3-20
Removed Pin From Net: NetName=LCD_DATA9 Pin=J3-20
Removed Pin From Net: NetName=LCD_DATA8 Pin=J3-21
Removed Pin From Net: NetName=LCD_DATA8 Pin=J3-21
Removed Pin From Net: NetName=LCD_DATA8 Pin=J3-21
Removed Pin From Net: NetName=LCD_DATA23 Pin=J3-22
Removed Pin From Net: NetName=LCD_DATA23 Pin=J3-22
Removed Pin From Net: NetName=LCD_DATA23 Pin=J3-22
Removed Pin From Net: NetName=LCD_DATA22 Pin=J3-23
Removed Pin From Net: NetName=LCD_DATA22 Pin=J3-23
Removed Pin From Net: NetName=LCD_DATA22 Pin=J3-23
Removed Pin From Net: NetName=LCD_DATA21 Pin=J3-24
Removed Pin From Net: NetName=LCD_DATA21 Pin=J3-24
Removed Pin From Net: NetName=LCD_DATA21 Pin=J3-24
Removed Pin From Net: NetName=LCD_DATA20 Pin=J3-25
Removed Pin From Net: NetName=LCD_DATA20 Pin=J3-25
Removed Pin From Net: NetName=LCD_DATA20 Pin=J3-25
Removed Pin From Net: NetName=LCD_DATA19 Pin=J3-26
Removed Pin From Net: NetName=LCD_DATA19 Pin=J3-26
Removed Pin From Net: NetName=LCD_DATA19 Pin=J3-26
Removed Pin From Net: NetName=LCD_DATA18 Pin=J3-27
Removed Pin From Net: NetName=LCD_DATA18 Pin=J3-27
Removed Pin From Net: NetName=LCD_DATA18 Pin=J3-27
Removed Pin From Net: NetName=LCD_DATA17 Pin=J3-28
Removed Pin From Net: NetName=LCD_DATA17 Pin=J3-28
Removed Pin From Net: NetName=LCD_DATA17 Pin=J3-28
Removed Pin From Net: NetName=LCD_DATA16 Pin=J3-29
Removed Pin From Net: NetName=LCD_DATA16 Pin=J3-29
Removed Pin From Net: NetName=LCD_DATA16 Pin=J3-29
Added Pin To Net: NetName=LCD_DATA16 Pin=J3-1
Added Pin To Net: NetName=LCD_DATA16 Pin=J3-1
Added Pin To Net: NetName=LCD_DATA16 Pin=J3-1
Added Pin To Net: NetName=LCD_DATA17 Pin=J3-2
Added Pin To Net: NetName=LCD_DATA17 Pin=J3-2
Added Pin To Net: NetName=LCD_DATA17 Pin=J3-2
Added Pin To Net: NetName=LCD_DATA18 Pin=J3-3
Added Pin To Net: NetName=LCD_DATA18 Pin=J3-3
Added Pin To Net: NetName=LCD_DATA18 Pin=J3-3
Added Pin To Net: NetName=LCD_DATA19 Pin=J3-4
Added Pin To Net: NetName=LCD_DATA19 Pin=J3-4
Added Pin To Net: NetName=LCD_DATA19 Pin=J3-4
Added Pin To Net: NetName=LCD_DATA20 Pin=J3-5
Added Pin To Net: NetName=LCD_DATA20 Pin=J3-5
Added Pin To Net: NetName=LCD_DATA20 Pin=J3-5
Added Pin To Net: NetName=LCD_DATA21 Pin=J3-6
Added Pin To Net: NetName=LCD_DATA21 Pin=J3-6
Added Pin To Net: NetName=LCD_DATA21 Pin=J3-6
Added Pin To Net: NetName=LCD_DATA22 Pin=J3-7
Added Pin To Net: NetName=LCD_DATA22 Pin=J3-7
Added Pin To Net: NetName=LCD_DATA22 Pin=J3-7
Added Pin To Net: NetName=LCD_DATA23 Pin=J3-8
Added Pin To Net: NetName=LCD_DATA23 Pin=J3-8
Added Pin To Net: NetName=LCD_DATA23 Pin=J3-8
Added Pin To Net: NetName=LCD_DATA8 Pin=J3-9
Added Pin To Net: NetName=LCD_DATA8 Pin=J3-9
Added Pin To Net: NetName=LCD_DATA8 Pin=J3-9
Added Pin To Net: NetName=LCD_DATA9 Pin=J3-10
Added Pin To Net: NetName=LCD_DATA9 Pin=J3-10
Added Pin To Net: NetName=LCD_DATA9 Pin=J3-10
Added Pin To Net: NetName=LCD_DATA10 Pin=J3-11
Added Pin To Net: NetName=LCD_DATA10 Pin=J3-11
Added Pin To Net: NetName=LCD_DATA10 Pin=J3-11
Added Pin To Net: NetName=LCD_DATA11 Pin=J3-12
Added Pin To Net: NetName=LCD_DATA11 Pin=J3-12
Added Pin To Net: NetName=LCD_DATA11 Pin=J3-12
Added Pin To Net: NetName=LCD_DATA12 Pin=J3-13
Added Pin To Net: NetName=LCD_DATA12 Pin=J3-13
Added Pin To Net: NetName=LCD_DATA12 Pin=J3-13
Added Pin To Net: NetName=LCD_DATA13 Pin=J3-14
Added Pin To Net: NetName=LCD_DATA13 Pin=J3-14
Added Pin To Net: NetName=LCD_DATA13 Pin=J3-14
Added Pin To Net: NetName=LCD_DATA15 Pin=J3-16
Added Pin To Net: NetName=LCD_DATA15 Pin=J3-16
Added Pin To Net: NetName=LCD_DATA15 Pin=J3-16
Added Pin To Net: NetName=LCD_DATA0 Pin=J3-17
Added Pin To Net: NetName=LCD_DATA0 Pin=J3-17
Added Pin To Net: NetName=LCD_DATA0 Pin=J3-17
Added Pin To Net: NetName=LCD_DATA1 Pin=J3-18
Added Pin To Net: NetName=LCD_DATA1 Pin=J3-18
Added Pin To Net: NetName=LCD_DATA1 Pin=J3-18
Added Pin To Net: NetName=LCD_DATA2 Pin=J3-19
Added Pin To Net: NetName=LCD_DATA2 Pin=J3-19
Added Pin To Net: NetName=LCD_DATA2 Pin=J3-19
Added Pin To Net: NetName=LCD_DATA3 Pin=J3-20
Added Pin To Net: NetName=LCD_DATA3 Pin=J3-20
Added Pin To Net: NetName=LCD_DATA3 Pin=J3-20
Added Pin To Net: NetName=LCD_DATA4 Pin=J3-21
Added Pin To Net: NetName=LCD_DATA4 Pin=J3-21
Added Pin To Net: NetName=LCD_DATA4 Pin=J3-21
Added Pin To Net: NetName=LCD_DATA5 Pin=J3-22
Added Pin To Net: NetName=LCD_DATA5 Pin=J3-22
Added Pin To Net: NetName=LCD_DATA5 Pin=J3-22
Added Pin To Net: NetName=LCD_DATA6 Pin=J3-23
Added Pin To Net: NetName=LCD_DATA6 Pin=J3-23
Added Pin To Net: NetName=LCD_DATA6 Pin=J3-23
Added Pin To Net: NetName=LCD_DATA7 Pin=J3-24
Added Pin To Net: NetName=LCD_DATA7 Pin=J3-24
Added Pin To Net: NetName=LCD_DATA7 Pin=J3-24
Added Pin To Net: NetName=LCD_PCLK Pin=J3-25
Added Pin To Net: NetName=LCD_PCLK Pin=J3-25
Added Pin To Net: NetName=LCD_PCLK Pin=J3-25
Added Pin To Net: NetName=LCD_HSYNC Pin=J3-26
Added Pin To Net: NetName=LCD_HSYNC Pin=J3-26
Added Pin To Net: NetName=LCD_HSYNC Pin=J3-26
Added Pin To Net: NetName=LCD_VSYNC Pin=J3-27
Added Pin To Net: NetName=LCD_VSYNC Pin=J3-27
Added Pin To Net: NetName=LCD_VSYNC Pin=J3-27
Added Pin To Net: NetName=LCD_DE Pin=J3-28
Added Pin To Net: NetName=LCD_DE Pin=J3-28
Added Pin To Net: NetName=LCD_DE Pin=J3-28
Added Pin To Net: NetName=LCD_BL Pin=J3-29
Added Pin To Net: NetName=LCD_BL Pin=J3-29
Added Pin To Net: NetName=LCD_BL Pin=J3-29
