Removed Pin From Net: NetName=GND Pin=C1-1
Removed Pin From Net: NetName=SYS_3V3 Pin=C1-2
Removed Pin From Net: NetName=GND Pin=C5-1
Removed Pin From Net: NetName=NetC5_2 Pin=C5-2
Removed Pin From Net: NetName=GND Pin=R1-2
Removed Pin From Net: NetName=DCDC_3V3 Pin=TP1-1
Removed Pin From Net: NetName=PMIC_ON_REQ Pin=U2-3
Removed Member From Class: ClassName=Power Member=C1
Removed Member From Class: ClassName=Power Member=C5
Removed Member From Class: ClassName=Power Member=R1
Removed Member From Class: ClassName=Power Member=TP1
Change Component Comment : Designator=C? Old Comment=0.1uF New Comment=1uF
Change Component Comment : Designator=C? Old Comment=22uF New Comment=10uF
Added Component: Designator=C?(0603_C _MINI)
Added Component: Designator=C?(0603_C _MINI)
Added Component: Designator=C?(0402_C)
Added Component: Designator=C?(0402_C)
Added Component: Designator=C?(0402_C)
Added Component: Designator=C?(0402_C)
Added Component: Designator=C?(0603_C _MINI)
Added Component: Designator=D?(SOD-523)
Added Component: Designator=D?(SOD-523)
Added Component: Designator=R?(0402_R)
Added Component: Designator=R?(0402_R)
Added Component: Designator=R?(0402_R)
Added Component: Designator=TP?(TP-1.0)
Added Pin To Net: NetName=DCDC_3V3 Pin=C?-1
Added Pin To Net: NetName=DRAM_1V35 Pin=C?-1
Added Pin To Net: NetName=GND Pin=C?-1
Added Pin To Net: NetName=GND Pin=C?-1
Added Pin To Net: NetName=GND Pin=C?-1
Added Pin To Net: NetName=GND Pin=C?-1
Added Pin To Net: NetName=GND Pin=C?-1
Added Pin To Net: NetName=GND Pin=C?-1
Added Pin To Net: NetName=GND Pin=C?-1
Added Pin To Net: NetName=GND Pin=C?-1
Added Pin To Net: NetName=GND Pin=C?-1
Added Pin To Net: NetName=GND Pin=C?-1
Added Pin To Net: NetName=VDDA_ADC_3V3 Pin=C?-1
Added Pin To Net: NetName=VDDA_ADC_3V3 Pin=C?-1
Added Pin To Net: NetName=GND Pin=C?-2
Added Pin To Net: NetName=GND Pin=C?-2
Added Pin To Net: NetName=GND Pin=C?-2
Added Pin To Net: NetName=GND Pin=C?-2
Added Pin To Net: NetName=GND Pin=C?-2
Added Pin To Net: NetName=GND Pin=C?-2
Added Pin To Net: NetName=GND Pin=C?-2
Added Pin To Net: NetName=GND Pin=C?-2
Added Pin To Net: NetName=GND Pin=C?-2
Added Pin To Net: NetName=NetC5_2 Pin=C?-2
Added Pin To Net: NetName=NetC?_2 Pin=C?-2
Added Pin To Net: NetName=NVCC_SD Pin=C?-2
Added Pin To Net: NetName=SYS_3V3 Pin=C?-2
Added Pin To Net: NetName=USB_OTG1_VBUS Pin=C?-2
Added Pin To Net: NetName=USB_OTG2_VBUS Pin=C?-2
Added Pin To Net: NetName=VDD_USB Pin=C?-2
Added Pin To Net: NetName=VDD_USB Pin=C?-2
Added Pin To Net: NetName=JTAG_MOD Pin=R?-1
Added Pin To Net: NetName=NVCC_SD Pin=R?-1
Added Pin To Net: NetName=NVCC_SD Pin=R?-1
Added Pin To Net: NetName=PMIC_ON_REQ Pin=R?-1
Added Pin To Net: NetName=SD1_CLK Pin=R?-1
Added Pin To Net: NetName=GND Pin=R?-2
Added Pin To Net: NetName=SD1_CMD Pin=R?-2
Added Pin To Net: NetName=SD1_DATA0 Pin=R?-2
Added Pin To Net: NetName=DCDC_3V3 Pin=TP?-1
Change Net Name : Old Net Name=NetC5_2 New Net Name=NetC6_2
Added Pin To Net: NetName=NetD?_1 Pin=D?-1
Added Pin To Net: NetName=NetD?_1 Pin=D?-1
Added Pin To Net: NetName=NetD?_1 Pin=U2-3
Added Net: Name=NetD?_1
Added Pin To Net: NetName=NWDOG Pin=R?-2
Added Net: Name=NWDOG
Added Pin To Net: NetName=RESET Pin=R?-2
Added Net: Name=RESET
Added Member To Class: ClassName=DDR Member=Component C? 22uF
Added Member To Class: ClassName=DDR Member=Component C? 0.1uF
Added Member To Class: ClassName=DDR Member=Component C? 0.1uF
Added Member To Class: ClassName=DDR Member=Component C? 4.7uF
Added Member To Class: ClassName=DDR Member=Component C? 2.2pF
Added Member To Class: ClassName=DDR Member=Component C? 2.2pF
Added Member To Class: ClassName=DDR Member=Component C? 0.22uF
Added Member To Class: ClassName=DDR Member=Component C? 0.22uF
Added Member To Class: ClassName=DDR Member=Component C? 0.22uF
Added Member To Class: ClassName=DDR Member=Component C? 0.22uF
Added Member To Class: ClassName=DDR Member=Component C? 0.22uF
Added Member To Class: ClassName=DDR Member=Component C? 0.22uF
Added Member To Class: ClassName=DDR Member=Component C? 10uF
Added Member To Class: ClassName=DDR Member=Component C? 0.22uF
Added Member To Class: ClassName=DDR Member=Component C? 0.22uF
Added Member To Class: ClassName=DDR Member=Component C? 0.22uF
Added Member To Class: ClassName=DDR Member=Component C? 0.22uF
Added Member To Class: ClassName=DDR Member=Component C? 0.22uF
Added Member To Class: ClassName=DDR Member=Component C? 0.22uF
Added Member To Class: ClassName=DDR Member=Component C? 0.22uF
Added Member To Class: ClassName=DDR Member=Component C? 0.22uF
Added Member To Class: ClassName=DDR Member=Component C? 0.22uF
Added Member To Class: ClassName=DDR Member=Component C? 0.22uF
Added Member To Class: ClassName=DDR Member=Component C? 0.22uF
Added Member To Class: ClassName=DDR Member=Component C? 0.22uF
Added Member To Class: ClassName=DDR Member=Component C? 0.22uF
Added Member To Class: ClassName=DDR Member=Component C? 0.22uF
Added Member To Class: ClassName=eMMC Member=Component C? 0.1uF
Added Member To Class: ClassName=eMMC Member=Component C? 0.1uF
Added Member To Class: ClassName=eMMC Member=Component C? 1uF
Added Member To Class: ClassName=eMMC Member=Component C? 0.1uF
Added Member To Class: ClassName=eMMC Member=Component C? 0.1uF
Added Member To Class: ClassName=eMMC Member=Component C? 0.1uF
Added Member To Class: ClassName=eMMC Member=Component C? 0.1uF
Added Member To Class: ClassName=eMMC Member=Component C? 4.7uF
Added Member To Class: ClassName=eMMC Member=Component C? 0.1uF
Added Member To Class: ClassName=eMMC Member=Component C? 0.1uF
Added Member To Class: ClassName=Imx6ull Member=Component C? 0.22uF
Added Member To Class: ClassName=Imx6ull Member=Component C? 1uF
Added Member To Class: ClassName=Imx6ull Member=Component C? 100nF
Added Member To Class: ClassName=Imx6ull Member=Component C? 100nF
Added Member To Class: ClassName=Imx6ull Member=Component C? 100nF
Added Member To Class: ClassName=Imx6ull Member=Component C? 0.1uF
Added Member To Class: ClassName=Imx6ull Member=Component C? 0.1uF
Added Member To Class: ClassName=Imx6ull Member=Component C? 0.22uF
Added Member To Class: ClassName=Imx6ull Member=Component C? 18pF
Added Member To Class: ClassName=Imx6ull Member=Component C? 18pF
Added Member To Class: ClassName=Imx6ull Member=Component C? 18pF
Added Member To Class: ClassName=Imx6ull Member=Component C? 18pF
Added Member To Class: ClassName=Imx6ull Member=Component C? 0.22uF
Added Member To Class: ClassName=Imx6ull Member=Component C? 0.22uF
Added Member To Class: ClassName=Power Member=Component C? 22uF
Added Member To Class: ClassName=Power Member=Component C? 22uF
Added Member To Class: ClassName=Power Member=Component C? 0.22uF
Added Member To Class: ClassName=Power Member=Component C? 0.1uF
Added Member To Class: ClassName=Power Member=Component C? 0.22uF
Added Member To Class: ClassName=Power Member=Component C? 0.22uF
Added Member To Class: ClassName=Power Member=Component C? 0.22uF
Added Member To Class: ClassName=Power Member=Component C? 0.22uF
Added Member To Class: ClassName=Power Member=Component C? 0.22uF
Added Member To Class: ClassName=Power Member=Component C? 10uF
Added Member To Class: ClassName=Power Member=Component C? 0.22uF
Added Member To Class: ClassName=Power Member=Component C? 10uF
Added Member To Class: ClassName=Power Member=Component C? 0.22uF
Added Member To Class: ClassName=Power Member=Component C? 0.22uF
Added Member To Class: ClassName=Power Member=Component C? 0.22uF
Added Member To Class: ClassName=Power Member=Component C? 22uF
Added Member To Class: ClassName=Power Member=Component C? 0.22uF
Added Member To Class: ClassName=Power Member=Component C? 0.22uF
Added Member To Class: ClassName=Power Member=Component C? 22uF
Added Member To Class: ClassName=Power Member=Component C? 0.22uF
Added Member To Class: ClassName=Power Member=Component C? 4.7uF
Added Member To Class: ClassName=Power Member=Component C? 0.22uF
Added Member To Class: ClassName=Power Member=Component C? 0.22uF
Added Member To Class: ClassName=Power Member=Component C? 4.7uF
Added Member To Class: ClassName=Power Member=Component C? 22uF
Added Member To Class: ClassName=Power Member=Component C? 1uF
Added Member To Class: ClassName=Power Member=Component C? 1uF
Added Member To Class: ClassName=Power Member=Component C? 1uF
Added Member To Class: ClassName=Power Member=Component C? 10uF
Added Member To Class: ClassName=Power Member=Component C? 0.1uF
Added Member To Class: ClassName=Power Member=Component C? 22pF
Added Member To Class: ClassName=Power Member=Component C? 0.01uF
Added Member To Class: ClassName=Power Member=Component D? RB521S30
Added Member To Class: ClassName=Power Member=Component D? RB521S30
Added Member To Class: ClassName=Power Member=Component D? RB521S-30
Added Member To Class: ClassName=Power Member=Component D? RB521S-30
Added Member To Class: ClassName=DDR Member=Component R? 1.5K
Added Member To Class: ClassName=DDR Member=Component R? 1.5K
Added Member To Class: ClassName=DDR Member=Component R? 470R
Added Member To Class: ClassName=DDR Member=Component R? 10K
Added Member To Class: ClassName=DDR Member=Component R? 10K
Added Member To Class: ClassName=DDR Member=Component R? 240R
Added Member To Class: ClassName=DDR Member=Component R? 10K
Added Member To Class: ClassName=DDR Member=Component R? 240R
Added Member To Class: ClassName=eMMC Member=Component R? 10R
Added Member To Class: ClassName=eMMC Member=Component R? 10R
Added Member To Class: ClassName=Imx6ull Member=Component R? 10K
Added Member To Class: ClassName=Imx6ull Member=Component R? 10K
Added Member To Class: ClassName=Imx6ull Member=Component R? 10R
Added Member To Class: ClassName=Imx6ull Member=Component R? 10K
Added Member To Class: ClassName=Imx6ull Member=Component R? 1M
Added Member To Class: ClassName=Imx6ull Member=Component R? 10R
Added Member To Class: ClassName=Power Member=Component R? 1M
Added Member To Class: ClassName=Power Member=Component R? 50R
Added Member To Class: ClassName=Power Member=Component R? 10K
Added Member To Class: ClassName=Power Member=Component R? 1K
Added Member To Class: ClassName=Power Member=Component R? 0R
Added Member To Class: ClassName=Power Member=Component R? 10K
Added Member To Class: ClassName=Power Member=Component R? 0R
Added Member To Class: ClassName=Power Member=Component R? 100K
Added Member To Class: ClassName=Power Member=Component TP? SOC_IN
