Added Pin To Net: NetName=SD1_nRST Pin=J1-22
Added Pin To Net: NetName=SD1_nRST Pin=J1-22
Added Pin To Net: NetName=SD1_nRST Pin=J1-22
Added Pin To Net: NetName=BLT_PWM Pin=J1-23
Added Pin To Net: NetName=BLT_PWM Pin=J1-23
Added Pin To Net: NetName=BLT_PWM Pin=J1-23
Added Pin To Net: NetName=USB_OTG1_PWR Pin=J1-24
Added Pin To Net: NetName=USB_OTG1_PWR Pin=J1-24
Added Pin To Net: NetName=USB_OTG1_PWR Pin=J1-24
Added Pin To Net: NetName=SD1_VSELECT Pin=J1-25
Added Pin To Net: NetName=SD1_VSELECT Pin=J1-25
Added Pin To Net: NetName=SD1_VSELECT Pin=J1-25
Added Pin To Net: NetName=ENET_MDC Pin=J1-26
Added Pin To Net: NetName=ENET_MDC Pin=J1-26
Added Pin To Net: NetName=ENET_MDC Pin=J1-26
Added Pin To Net: NetName=ENET_MDIO Pin=J1-27
Added Pin To Net: NetName=ENET_MDIO Pin=J1-27
Added Pin To Net: NetName=ENET_MDIO Pin=J1-27
Added Pin To Net: NetName=USB_OTG2_PWR Pin=J1-28
Added Pin To Net: NetName=USB_OTG2_PWR Pin=J1-28
Added Pin To Net: NetName=USB_OTG2_PWR Pin=J1-28
Added Pin To Net: NetName=USB_OTG1_OC Pin=J1-29
Added Pin To Net: NetName=USB_OTG1_OC Pin=J1-29
Added Pin To Net: NetName=USB_OTG1_OC Pin=J1-29
Added Pin To Net: NetName=USB_OTG2_OC Pin=J2-1
Added Pin To Net: NetName=USB_OTG2_OC Pin=J2-1
Added Pin To Net: NetName=USB_OTG2_OC Pin=J2-1
