Removed Pin From Net: NetName=USB_OTG2_OC Pin=J2-1
Removed Pin From Net: NetName=USB_OTG2_OC Pin=J2-1
Removed Pin From Net: NetName=USB_OTG2_OC Pin=J2-1
Removed Pin From Net: NetName=ENET1_TX_CLK Pin=J2-14
Removed Pin From Net: NetName=ENET1_TX_CLK Pin=J2-14
Removed Pin From Net: NetName=ENET1_TX_CLK Pin=J2-14
Removed Pin From Net: NetName=ENET1_CRS_DV Pin=J2-15
Removed Pin From Net: NetName=ENET1_CRS_DV Pin=J2-15
Removed Pin From Net: NetName=ENET1_CRS_DV Pin=J2-15
Removed Pin From Net: NetName=ENET1_RXD1 Pin=J2-16
Removed Pin From Net: NetName=ENET1_RXD1 Pin=J2-16
Removed Pin From Net: NetName=ENET1_RXD1 Pin=J2-16
Removed Pin From Net: NetName=ENET1_TXEN Pin=J2-17
Removed Pin From Net: NetName=ENET1_TXEN Pin=J2-17
Removed Pin From Net: NetName=ENET1_TXEN Pin=J2-17
Removed Pin From Net: NetName=ENET1_RXD0 Pin=J2-18
Removed Pin From Net: NetName=ENET1_RXD0 Pin=J2-18
Removed Pin From Net: NetName=ENET1_RXD0 Pin=J2-18
Removed Pin From Net: NetName=ENET1_TXD1 Pin=J2-19
Removed Pin From Net: NetName=ENET1_TXD1 Pin=J2-19
Removed Pin From Net: NetName=ENET1_TXD1 Pin=J2-19
Removed Pin From Net: NetName=ENET1_TXD0 Pin=J2-20
Removed Pin From Net: NetName=ENET1_TXD0 Pin=J2-20
Removed Pin From Net: NetName=ENET1_TXD0 Pin=J2-20
Removed Pin From Net: NetName=ENET1_RXER Pin=J2-21
Removed Pin From Net: NetName=ENET1_RXER Pin=J2-21
Removed Pin From Net: NetName=ENET1_RXER Pin=J2-21
Removed Pin From Net: NetName=ENET2_TX_CLK Pin=J2-22
Removed Pin From Net: NetName=ENET2_TX_CLK Pin=J2-22
Removed Pin From Net: NetName=ENET2_TX_CLK Pin=J2-22
Removed Pin From Net: NetName=ENET2_RXER Pin=J2-23
Removed Pin From Net: NetName=ENET2_RXER Pin=J2-23
Removed Pin From Net: NetName=ENET2_RXER Pin=J2-23
Removed Pin From Net: NetName=ENET2_RXD1 Pin=J2-24
Removed Pin From Net: NetName=ENET2_RXD1 Pin=J2-24
Removed Pin From Net: NetName=ENET2_RXD1 Pin=J2-24
Removed Pin From Net: NetName=ENET2_RXD0 Pin=J2-25
Removed Pin From Net: NetName=ENET2_RXD0 Pin=J2-25
Removed Pin From Net: NetName=ENET2_RXD0 Pin=J2-25
Removed Pin From Net: NetName=ENET2_TXEN Pin=J2-26
Removed Pin From Net: NetName=ENET2_TXEN Pin=J2-26
Removed Pin From Net: NetName=ENET2_TXEN Pin=J2-26
Removed Pin From Net: NetName=ENET2_CRS_DV Pin=J2-27
Removed Pin From Net: NetName=ENET2_CRS_DV Pin=J2-27
Removed Pin From Net: NetName=ENET2_CRS_DV Pin=J2-27
Removed Pin From Net: NetName=ENET2_TXD0 Pin=J2-28
Removed Pin From Net: NetName=ENET2_TXD0 Pin=J2-28
Removed Pin From Net: NetName=ENET2_TXD0 Pin=J2-28
Removed Pin From Net: NetName=ENET2_TXD1 Pin=J2-29
Removed Pin From Net: NetName=ENET2_TXD1 Pin=J2-29
Removed Pin From Net: NetName=ENET2_TXD1 Pin=J2-29
Change Component Footprint: Designator=J1 Old Footprint=STAMP_HOLE New Footprint=STAMP_HOLE_30
Change Component Footprint: Designator=J2 Old Footprint=STAMP_HOLE New Footprint=STAMP_HOLE_30
Change Component Comment : Designator=J1 Old Comment=stamp_hole New Comment=stamp_hole_30
Change Component Comment : Designator=J2 Old Comment=stamp_hole New Comment=stamp_hole_30
Added Component: Designator=C92(0603_C _MINI)
Add component (AddParameter): Name = "ComponentLink1Description"; Value = "供应商链接"; VariantName = "[No Variations]"
Add component (AddParameter): Name = "ComponentLink1URL"; Value = "http://www.szlcsc.com/product/details_2037.html"; VariantName = "[No Variations]"
Add component (AddParameter): Name = "Notepad"; Value = ""; VariantName = "[No Variations]"
Add component (AddParameter): Name = "Package"; Value = "0603"; VariantName = "[No Variations]"
Add component (AddParameter): Name = "Supplier"; Value = "LC"; VariantName = "[No Variations]"
Add component (AddParameter): Name = "SuppliersPartNumber"; Value = "C1685"; VariantName = "[No Variations]"
Added Component: Designator=C93(0402_C)
Add component (AddParameter): Name = "ComponentLink1Description"; Value = "供应商链接"; VariantName = "[No Variations]"
Add component (AddParameter): Name = "ComponentLink1URL"; Value = "http://www.szlcsc.com/product/details_1928.html"; VariantName = "[No Variations]"
Add component (AddParameter): Name = "Notepad"; Value = ""; VariantName = "[No Variations]"
Add component (AddParameter): Name = "Package"; Value = "0402"; VariantName = "[No Variations]"
Add component (AddParameter): Name = "Supplier"; Value = "LC"; VariantName = "[No Variations]"
Add component (AddParameter): Name = "SuppliersPartNumber"; Value = "C1576"; VariantName = "[No Variations]"
Added Component: Designator=C94(0402_C)
Add component (AddParameter): Name = "ComponentLink1Description"; Value = "供应商链接"; VariantName = "[No Variations]"
Add component (AddParameter): Name = "ComponentLink1URL"; Value = "http://www.szlcsc.com/product/details_1928.html"; VariantName = "[No Variations]"
Add component (AddParameter): Name = "Notepad"; Value = ""; VariantName = "[No Variations]"
Add component (AddParameter): Name = "Package"; Value = "0402"; VariantName = "[No Variations]"
Add component (AddParameter): Name = "Supplier"; Value = "LC"; VariantName = "[No Variations]"
Add component (AddParameter): Name = "SuppliersPartNumber"; Value = "C1576"; VariantName = "[No Variations]"
Added Component: Designator=D5(SOD-523)
Added Component: Designator=Q1(SOT23-3L)
Add component (AddParameter): Name = "BOM名称"; Value = "P沟场效应管"; VariantName = "[No Variations]"
Add component (AddParameter): Name = "学习资源"; Value = "www.ooocke.com"; VariantName = "[No Variations]"
Add component (AddParameter): Name = "版权归属"; Value = "源创客"; VariantName = "[No Variations]"
Added Component: Designator=R34(0402_R)
Add component (AddParameter): Name = "ComponentLink1Description"; Value = "供应商链接"; VariantName = "[No Variations]"
Add component (AddParameter): Name = "ComponentLink1URL"; Value = "http://www.szlcsc.com/product/details_26667.html"; VariantName = "[No Variations]"
Add component (AddParameter): Name = "Notepad"; Value = ""; VariantName = "[No Variations]"
Add component (AddParameter): Name = "Package"; Value = "0402"; VariantName = "[No Variations]"
Add component (AddParameter): Name = "Supplier"; Value = "LC"; VariantName = "[No Variations]"
Add component (AddParameter): Name = "SuppliersPartNumber"; Value = "C25924"; VariantName = "[No Variations]"
Added Component: Designator=TP1(TP-1.0)
Added Component: Designator=U8(SOT23-3L)
Added Pin To Net: NetName=GND Pin=C92-1
Added Pin To Net: NetName=DCDC_3V3 Pin=C92-2
Added Pin To Net: NetName=GND Pin=C93-1
Added Pin To Net: NetName=DCDC_1V8 Pin=C93-2
Added Pin To Net: NetName=SD1_VSELECT Pin=C94-1
Added Pin To Net: NetName=NVCC_SD Pin=C94-2
Added Pin To Net: NetName=DCDC_1V8 Pin=D5-1
Added Pin To Net: NetName=NVCC_SD Pin=D5-2
Added Pin To Net: NetName=USB_OTG2_OC Pin=J1-30
Added Pin To Net: NetName=USB_OTG2_OC Pin=J1-30
Added Pin To Net: NetName=USB_OTG2_OC Pin=J1-30
Added Pin To Net: NetName=VDD_COIN_3V Pin=J2-1
Added Pin To Net: NetName=VDD_COIN_3V Pin=J2-1
Added Pin To Net: NetName=VDD_COIN_3V Pin=J2-1
Added Pin To Net: NetName=VDDA_ADC_3V3 Pin=J2-14
Added Pin To Net: NetName=VDDA_ADC_3V3 Pin=J2-14
Added Pin To Net: NetName=VDDA_ADC_3V3 Pin=J2-14
Added Pin To Net: NetName=ENET1_TX_CLK Pin=J2-15
Added Pin To Net: NetName=ENET1_TX_CLK Pin=J2-15
Added Pin To Net: NetName=ENET1_TX_CLK Pin=J2-15
Added Pin To Net: NetName=ENET1_CRS_DV Pin=J2-16
Added Pin To Net: NetName=ENET1_CRS_DV Pin=J2-16
Added Pin To Net: NetName=ENET1_CRS_DV Pin=J2-16
Added Pin To Net: NetName=ENET1_RXD1 Pin=J2-17
Added Pin To Net: NetName=ENET1_RXD1 Pin=J2-17
Added Pin To Net: NetName=ENET1_RXD1 Pin=J2-17
Added Pin To Net: NetName=ENET1_TXEN Pin=J2-18
Added Pin To Net: NetName=ENET1_TXEN Pin=J2-18
Added Pin To Net: NetName=ENET1_TXEN Pin=J2-18
Added Pin To Net: NetName=ENET1_RXD0 Pin=J2-19
Added Pin To Net: NetName=ENET1_RXD0 Pin=J2-19
Added Pin To Net: NetName=ENET1_RXD0 Pin=J2-19
Added Pin To Net: NetName=ENET1_TXD1 Pin=J2-20
Added Pin To Net: NetName=ENET1_TXD1 Pin=J2-20
Added Pin To Net: NetName=ENET1_TXD1 Pin=J2-20
Added Pin To Net: NetName=ENET1_TXD0 Pin=J2-21
Added Pin To Net: NetName=ENET1_TXD0 Pin=J2-21
Added Pin To Net: NetName=ENET1_TXD0 Pin=J2-21
Added Pin To Net: NetName=ENET1_RXER Pin=J2-22
Added Pin To Net: NetName=ENET1_RXER Pin=J2-22
Added Pin To Net: NetName=ENET1_RXER Pin=J2-22
Added Pin To Net: NetName=ENET2_TX_CLK Pin=J2-23
Added Pin To Net: NetName=ENET2_TX_CLK Pin=J2-23
Added Pin To Net: NetName=ENET2_TX_CLK Pin=J2-23
Added Pin To Net: NetName=ENET2_RXER Pin=J2-24
Added Pin To Net: NetName=ENET2_RXER Pin=J2-24
Added Pin To Net: NetName=ENET2_RXER Pin=J2-24
Added Pin To Net: NetName=ENET2_RXD1 Pin=J2-25
Added Pin To Net: NetName=ENET2_RXD1 Pin=J2-25
Added Pin To Net: NetName=ENET2_RXD1 Pin=J2-25
Added Pin To Net: NetName=ENET2_RXD0 Pin=J2-26
Added Pin To Net: NetName=ENET2_RXD0 Pin=J2-26
Added Pin To Net: NetName=ENET2_RXD0 Pin=J2-26
Added Pin To Net: NetName=ENET2_TXEN Pin=J2-27
Added Pin To Net: NetName=ENET2_TXEN Pin=J2-27
Added Pin To Net: NetName=ENET2_TXEN Pin=J2-27
Added Pin To Net: NetName=ENET2_CRS_DV Pin=J2-28
Added Pin To Net: NetName=ENET2_CRS_DV Pin=J2-28
Added Pin To Net: NetName=ENET2_CRS_DV Pin=J2-28
Added Pin To Net: NetName=ENET2_TXD0 Pin=J2-29
Added Pin To Net: NetName=ENET2_TXD0 Pin=J2-29
Added Pin To Net: NetName=ENET2_TXD0 Pin=J2-29
Added Pin To Net: NetName=ENET2_TXD1 Pin=J2-30
Added Pin To Net: NetName=ENET2_TXD1 Pin=J2-30
Added Pin To Net: NetName=ENET2_TXD1 Pin=J2-30
Added Pin To Net: NetName=SD1_VSELECT Pin=Q1-1
Added Pin To Net: NetName=NVCC_SD Pin=Q1-2
Added Pin To Net: NetName=DCDC_3V3 Pin=Q1-3
Added Pin To Net: NetName=SD1_VSELECT Pin=R34-1
Added Pin To Net: NetName=GND Pin=R34-2
Added Pin To Net: NetName=DCDC_3V3 Pin=TP1-1
Added Pin To Net: NetName=GND Pin=U8-1
Added Pin To Net: NetName=DCDC_1V8 Pin=U8-2
Added Pin To Net: NetName=DCDC_3V3 Pin=U8-3
Added Member To Class: ClassName=Power Member=Component C92 10uF
Added Member To Class: ClassName=Power Member=Component C93 1uF
Added Member To Class: ClassName=Power Member=Component C94 1uF
Added Member To Class: ClassName=Power Member=Component D5 1N5819W
Added Member To Class: ClassName=Power Member=Component Q1 WST3325
Added Member To Class: ClassName=Power Member=Component R34 10K
Added Member To Class: ClassName=Power Member=Component TP1 SOC_IN
Added Member To Class: ClassName=Power Member=Component U8 RT9166-18GVL
