Added Pin To Net: NetName=CSI_MCLK Pin=J4-11
Added Pin To Net: NetName=CSI_MCLK Pin=J4-11
Added Pin To Net: NetName=CSI_MCLK Pin=J4-11
Added Pin To Net: NetName=CSI_PIXCLK Pin=J4-12
Added Pin To Net: NetName=CSI_PIXCLK Pin=J4-12
Added Pin To Net: NetName=CSI_PIXCLK Pin=J4-12
Added Pin To Net: NetName=CSI_VSYNC Pin=J4-13
Added Pin To Net: NetName=CSI_VSYNC Pin=J4-13
Added Pin To Net: NetName=CSI_VSYNC Pin=J4-13
Added Pin To Net: NetName=CSI_DATA2 Pin=J4-14
Added Pin To Net: NetName=CSI_DATA2 Pin=J4-14
Added Pin To Net: NetName=CSI_DATA2 Pin=J4-14
Added Pin To Net: NetName=CSI_HSYNC Pin=J4-15
Added Pin To Net: NetName=CSI_HSYNC Pin=J4-15
Added Pin To Net: NetName=CSI_HSYNC Pin=J4-15
Added Pin To Net: NetName=CSI_DATA0 Pin=J4-16
Added Pin To Net: NetName=CSI_DATA0 Pin=J4-16
Added Pin To Net: NetName=CSI_DATA0 Pin=J4-16
Added Pin To Net: NetName=CSI_DATA1 Pin=J4-17
Added Pin To Net: NetName=CSI_DATA1 Pin=J4-17
Added Pin To Net: NetName=CSI_DATA1 Pin=J4-17
Added Pin To Net: NetName=CSI_DATA3 Pin=J4-18
Added Pin To Net: NetName=CSI_DATA3 Pin=J4-18
Added Pin To Net: NetName=CSI_DATA3 Pin=J4-18
Added Pin To Net: NetName=CSI_DATA4 Pin=J4-19
Added Pin To Net: NetName=CSI_DATA4 Pin=J4-19
Added Pin To Net: NetName=CSI_DATA4 Pin=J4-19
Added Pin To Net: NetName=CSI_DATA5 Pin=J4-20
Added Pin To Net: NetName=CSI_DATA5 Pin=J4-20
Added Pin To Net: NetName=CSI_DATA5 Pin=J4-20
Added Pin To Net: NetName=CSI_DATA6 Pin=J4-21
Added Pin To Net: NetName=CSI_DATA6 Pin=J4-21
Added Pin To Net: NetName=CSI_DATA6 Pin=J4-21
Added Pin To Net: NetName=CSI_DATA7 Pin=J4-22
Added Pin To Net: NetName=CSI_DATA7 Pin=J4-22
Added Pin To Net: NetName=CSI_DATA7 Pin=J4-22
