Added Component: Designator=C92(0603_C _MINI)
Added Component: Designator=C93(0402_C)
Added Component: Designator=C94(0402_C)
Added Component: Designator=D5(SOD-523)
Added Component: Designator=Q1(SOT23-3L)
Added Component: Designator=R34(0402_R)
Added Component: Designator=TP1(TP-1.0)
Added Component: Designator=U8(SOT23-3L)
Added Pin To Net: NetName=GND Pin=C92-1
Added Pin To Net: NetName=DCDC_3V3 Pin=C92-2
Added Pin To Net: NetName=GND Pin=C93-1
Added Pin To Net: NetName=DCDC_1V8 Pin=C93-2
Added Pin To Net: NetName=SD1_VSELECT Pin=C94-1
Added Pin To Net: NetName=NVCC_SD Pin=C94-2
Added Pin To Net: NetName=DCDC_1V8 Pin=D5-1
Added Pin To Net: NetName=NVCC_SD Pin=D5-2
Added Pin To Net: NetName=LCD_DATA16 Pin=J3-1
Added Pin To Net: NetName=LCD_DATA16 Pin=J3-1
Added Pin To Net: NetName=LCD_DATA16 Pin=J3-1
Added Pin To Net: NetName=LCD_DATA17 Pin=J3-2
Added Pin To Net: NetName=LCD_DATA17 Pin=J3-2
Added Pin To Net: NetName=LCD_DATA17 Pin=J3-2
Added Pin To Net: NetName=LCD_DATA18 Pin=J3-3
Added Pin To Net: NetName=LCD_DATA18 Pin=J3-3
Added Pin To Net: NetName=LCD_DATA18 Pin=J3-3
Added Pin To Net: NetName=LCD_DATA19 Pin=J3-4
Added Pin To Net: NetName=LCD_DATA19 Pin=J3-4
Added Pin To Net: NetName=LCD_DATA19 Pin=J3-4
Added Pin To Net: NetName=LCD_DATA20 Pin=J3-5
Added Pin To Net: NetName=LCD_DATA20 Pin=J3-5
Added Pin To Net: NetName=LCD_DATA20 Pin=J3-5
Added Pin To Net: NetName=LCD_DATA21 Pin=J3-6
Added Pin To Net: NetName=LCD_DATA21 Pin=J3-6
Added Pin To Net: NetName=LCD_DATA21 Pin=J3-6
Added Pin To Net: NetName=LCD_DATA22 Pin=J3-7
Added Pin To Net: NetName=LCD_DATA22 Pin=J3-7
Added Pin To Net: NetName=LCD_DATA22 Pin=J3-7
Added Pin To Net: NetName=LCD_DATA23 Pin=J3-8
Added Pin To Net: NetName=LCD_DATA23 Pin=J3-8
Added Pin To Net: NetName=LCD_DATA23 Pin=J3-8
Added Pin To Net: NetName=LCD_DATA8 Pin=J3-9
Added Pin To Net: NetName=LCD_DATA8 Pin=J3-9
Added Pin To Net: NetName=LCD_DATA8 Pin=J3-9
Added Pin To Net: NetName=LCD_DATA9 Pin=J3-10
Added Pin To Net: NetName=LCD_DATA9 Pin=J3-10
Added Pin To Net: NetName=LCD_DATA9 Pin=J3-10
Added Pin To Net: NetName=LCD_DATA10 Pin=J3-11
Added Pin To Net: NetName=LCD_DATA10 Pin=J3-11
Added Pin To Net: NetName=LCD_DATA10 Pin=J3-11
Added Pin To Net: NetName=LCD_DATA11 Pin=J3-12
Added Pin To Net: NetName=LCD_DATA11 Pin=J3-12
Added Pin To Net: NetName=LCD_DATA11 Pin=J3-12
Added Pin To Net: NetName=LCD_DATA12 Pin=J3-13
Added Pin To Net: NetName=LCD_DATA12 Pin=J3-13
Added Pin To Net: NetName=LCD_DATA12 Pin=J3-13
Added Pin To Net: NetName=LCD_DATA13 Pin=J3-14
Added Pin To Net: NetName=LCD_DATA13 Pin=J3-14
Added Pin To Net: NetName=LCD_DATA13 Pin=J3-14
Added Pin To Net: NetName=LCD_DATA14 Pin=J3-15
Added Pin To Net: NetName=LCD_DATA14 Pin=J3-15
Added Pin To Net: NetName=LCD_DATA14 Pin=J3-15
Added Pin To Net: NetName=LCD_DATA15 Pin=J3-16
Added Pin To Net: NetName=LCD_DATA15 Pin=J3-16
Added Pin To Net: NetName=LCD_DATA15 Pin=J3-16
Added Pin To Net: NetName=LCD_DATA0 Pin=J3-17
Added Pin To Net: NetName=LCD_DATA0 Pin=J3-17
Added Pin To Net: NetName=LCD_DATA0 Pin=J3-17
Added Pin To Net: NetName=LCD_DATA1 Pin=J3-18
Added Pin To Net: NetName=LCD_DATA1 Pin=J3-18
Added Pin To Net: NetName=LCD_DATA1 Pin=J3-18
Added Pin To Net: NetName=LCD_DATA2 Pin=J3-19
Added Pin To Net: NetName=LCD_DATA2 Pin=J3-19
Added Pin To Net: NetName=LCD_DATA2 Pin=J3-19
Added Pin To Net: NetName=LCD_DATA3 Pin=J3-20
Added Pin To Net: NetName=LCD_DATA3 Pin=J3-20
Added Pin To Net: NetName=LCD_DATA3 Pin=J3-20
Added Pin To Net: NetName=LCD_DATA4 Pin=J3-21
Added Pin To Net: NetName=LCD_DATA4 Pin=J3-21
Added Pin To Net: NetName=LCD_DATA4 Pin=J3-21
Added Pin To Net: NetName=LCD_DATA5 Pin=J3-22
Added Pin To Net: NetName=LCD_DATA5 Pin=J3-22
Added Pin To Net: NetName=LCD_DATA5 Pin=J3-22
Added Pin To Net: NetName=LCD_DATA6 Pin=J3-23
Added Pin To Net: NetName=LCD_DATA6 Pin=J3-23
Added Pin To Net: NetName=LCD_DATA6 Pin=J3-23
Added Pin To Net: NetName=LCD_DATA7 Pin=J3-24
Added Pin To Net: NetName=LCD_DATA7 Pin=J3-24
Added Pin To Net: NetName=LCD_DATA7 Pin=J3-24
Added Pin To Net: NetName=LCD_PCLK Pin=J3-25
Added Pin To Net: NetName=LCD_PCLK Pin=J3-25
Added Pin To Net: NetName=LCD_PCLK Pin=J3-25
Added Pin To Net: NetName=LCD_HSYNC Pin=J3-26
Added Pin To Net: NetName=LCD_HSYNC Pin=J3-26
Added Pin To Net: NetName=LCD_HSYNC Pin=J3-26
Added Pin To Net: NetName=LCD_VSYNC Pin=J3-27
Added Pin To Net: NetName=LCD_VSYNC Pin=J3-27
Added Pin To Net: NetName=LCD_VSYNC Pin=J3-27
Added Pin To Net: NetName=LCD_DE Pin=J3-28
Added Pin To Net: NetName=LCD_DE Pin=J3-28
Added Pin To Net: NetName=LCD_DE Pin=J3-28
Added Pin To Net: NetName=SD1_VSELECT Pin=Q1-1
Added Pin To Net: NetName=NVCC_SD Pin=Q1-2
Added Pin To Net: NetName=DCDC_3V3 Pin=Q1-3
Added Pin To Net: NetName=SD1_VSELECT Pin=R34-1
Added Pin To Net: NetName=GND Pin=R34-2
Added Pin To Net: NetName=DCDC_3V3 Pin=TP1-1
Added Pin To Net: NetName=GND Pin=U8-1
Added Pin To Net: NetName=DCDC_1V8 Pin=U8-2
Added Pin To Net: NetName=DCDC_3V3 Pin=U8-3
Added Pin To Net: NetName=LCD_BL Pin=J3-29
Added Pin To Net: NetName=LCD_BL Pin=J3-29
Added Pin To Net: NetName=LCD_BL Pin=J3-29
Added Net: Name=LCD_BL
