Removed Pin From Net: NetName=SNVS_TAMPER8 Pin=J1-4
Removed Pin From Net: NetName=SNVS_TAMPER8 Pin=J1-4
Removed Pin From Net: NetName=SNVS_TAMPER8 Pin=J1-4
Removed Pin From Net: NetName=SNVS_TAMPER7 Pin=J1-5
Removed Pin From Net: NetName=SNVS_TAMPER7 Pin=J1-5
Removed Pin From Net: NetName=SNVS_TAMPER7 Pin=J1-5
Removed Pin From Net: NetName=SNVS_TAMPER3 Pin=J1-6
Removed Pin From Net: NetName=SNVS_TAMPER3 Pin=J1-6
Removed Pin From Net: NetName=SNVS_TAMPER3 Pin=J1-6
Removed Pin From Net: NetName=SNVS_TAMPER6 Pin=J1-7
Removed Pin From Net: NetName=SNVS_TAMPER6 Pin=J1-7
Removed Pin From Net: NetName=SNVS_TAMPER6 Pin=J1-7
Removed Pin From Net: NetName=SNVS_TAMPER2 Pin=J1-8
Removed Pin From Net: NetName=SNVS_TAMPER2 Pin=J1-8
Removed Pin From Net: NetName=SNVS_TAMPER2 Pin=J1-8
Removed Pin From Net: NetName=USB_OTG2_D_N Pin=J1-9
Removed Pin From Net: NetName=USB_OTG2_D_N Pin=J1-9
Removed Pin From Net: NetName=USB_OTG2_D_N Pin=J1-9
Removed Pin From Net: NetName=USB_OTG2_D_P Pin=J1-10
Removed Pin From Net: NetName=USB_OTG2_D_P Pin=J1-10
Removed Pin From Net: NetName=USB_OTG2_D_P Pin=J1-10
Removed Pin From Net: NetName=USB_OTG2_VBUS Pin=J1-11
Removed Pin From Net: NetName=USB_OTG2_VBUS Pin=J1-11
Removed Pin From Net: NetName=USB_OTG2_VBUS Pin=J1-11
Removed Pin From Net: NetName=USB_OTG1_VBUS Pin=J1-12
Removed Pin From Net: NetName=USB_OTG1_VBUS Pin=J1-12
Removed Pin From Net: NetName=USB_OTG1_VBUS Pin=J1-12
Removed Pin From Net: NetName=USB_OTG1_D_N Pin=J1-13
Removed Pin From Net: NetName=USB_OTG1_D_N Pin=J1-13
Removed Pin From Net: NetName=USB_OTG1_D_N Pin=J1-13
Removed Pin From Net: NetName=USB_OTG1_D_P Pin=J1-14
Removed Pin From Net: NetName=USB_OTG1_D_P Pin=J1-14
Removed Pin From Net: NetName=USB_OTG1_D_P Pin=J1-14
Removed Pin From Net: NetName=USB_OTG1_ID Pin=J1-15
Removed Pin From Net: NetName=USB_OTG1_ID Pin=J1-15
Removed Pin From Net: NetName=USB_OTG1_ID Pin=J1-15
Removed Pin From Net: NetName=JTAG_TMS Pin=J1-16
Removed Pin From Net: NetName=JTAG_TMS Pin=J1-16
Removed Pin From Net: NetName=JTAG_TMS Pin=J1-16
Removed Pin From Net: NetName=JTAG_MOD Pin=J1-17
Removed Pin From Net: NetName=JTAG_MOD Pin=J1-17
Removed Pin From Net: NetName=JTAG_MOD Pin=J1-17
Removed Pin From Net: NetName=JTAG_NTRST Pin=J1-18
Removed Pin From Net: NetName=JTAG_NTRST Pin=J1-18
Removed Pin From Net: NetName=JTAG_NTRST Pin=J1-18
Removed Pin From Net: NetName=JTAG_TCK Pin=J1-19
Removed Pin From Net: NetName=JTAG_TCK Pin=J1-19
Removed Pin From Net: NetName=JTAG_TCK Pin=J1-19
Removed Pin From Net: NetName=JTAG_TDO Pin=J1-20
Removed Pin From Net: NetName=JTAG_TDO Pin=J1-20
Removed Pin From Net: NetName=JTAG_TDO Pin=J1-20
Removed Pin From Net: NetName=JTAG_TDI Pin=J1-21
Removed Pin From Net: NetName=JTAG_TDI Pin=J1-21
Removed Pin From Net: NetName=JTAG_TDI Pin=J1-21
Removed Pin From Net: NetName=SD1_nRST Pin=J1-22
Removed Pin From Net: NetName=SD1_nRST Pin=J1-22
Removed Pin From Net: NetName=SD1_nRST Pin=J1-22
Removed Pin From Net: NetName=GPIO1_IO08 Pin=J1-23
Removed Pin From Net: NetName=GPIO1_IO08 Pin=J1-23
Removed Pin From Net: NetName=GPIO1_IO08 Pin=J1-23
Removed Pin From Net: NetName=USB_OTG1_PWR Pin=J1-24
Removed Pin From Net: NetName=USB_OTG1_PWR Pin=J1-24
Removed Pin From Net: NetName=USB_OTG1_PWR Pin=J1-24
Removed Pin From Net: NetName=GPIO1_IO05 Pin=J1-25
Removed Pin From Net: NetName=GPIO1_IO05 Pin=J1-25
Removed Pin From Net: NetName=GPIO1_IO05 Pin=J1-25
Removed Pin From Net: NetName=ENET_MDC Pin=J1-26
Removed Pin From Net: NetName=ENET_MDC Pin=J1-26
Removed Pin From Net: NetName=ENET_MDC Pin=J1-26
Removed Pin From Net: NetName=ENET_MDIO Pin=J1-27
Removed Pin From Net: NetName=ENET_MDIO Pin=J1-27
Removed Pin From Net: NetName=ENET_MDIO Pin=J1-27
Removed Pin From Net: NetName=USB_OTG2_PWR Pin=J1-28
Removed Pin From Net: NetName=USB_OTG2_PWR Pin=J1-28
Removed Pin From Net: NetName=USB_OTG2_PWR Pin=J1-28
Removed Pin From Net: NetName=USB_OTG1_OC Pin=J1-29
Removed Pin From Net: NetName=USB_OTG1_OC Pin=J1-29
Removed Pin From Net: NetName=USB_OTG1_OC Pin=J1-29
Removed Pin From Net: NetName=USB_OTG2_OC Pin=J1-30
Removed Pin From Net: NetName=USB_OTG2_OC Pin=J1-30
Removed Pin From Net: NetName=USB_OTG2_OC Pin=J1-30
Added Pin To Net: NetName=SNVS_TAMPER8 Pin=J1-1
Added Pin To Net: NetName=SNVS_TAMPER8 Pin=J1-1
Added Pin To Net: NetName=SNVS_TAMPER8 Pin=J1-1
Added Pin To Net: NetName=SNVS_TAMPER7 Pin=J1-2
Added Pin To Net: NetName=SNVS_TAMPER7 Pin=J1-2
Added Pin To Net: NetName=SNVS_TAMPER7 Pin=J1-2
Added Pin To Net: NetName=SNVS_TAMPER3 Pin=J1-3
Added Pin To Net: NetName=SNVS_TAMPER3 Pin=J1-3
Added Pin To Net: NetName=SNVS_TAMPER3 Pin=J1-3
Added Pin To Net: NetName=SNVS_TAMPER6 Pin=J1-4
Added Pin To Net: NetName=SNVS_TAMPER6 Pin=J1-4
Added Pin To Net: NetName=SNVS_TAMPER6 Pin=J1-4
Added Pin To Net: NetName=SNVS_TAMPER2 Pin=J1-5
Added Pin To Net: NetName=SNVS_TAMPER2 Pin=J1-5
Added Pin To Net: NetName=SNVS_TAMPER2 Pin=J1-5
Added Pin To Net: NetName=USB_OTG2_D_N Pin=J1-6
Added Pin To Net: NetName=USB_OTG2_D_N Pin=J1-6
Added Pin To Net: NetName=USB_OTG2_D_N Pin=J1-6
Added Pin To Net: NetName=USB_OTG2_D_P Pin=J1-7
Added Pin To Net: NetName=USB_OTG2_D_P Pin=J1-7
Added Pin To Net: NetName=USB_OTG2_D_P Pin=J1-7
Added Pin To Net: NetName=USB_OTG2_VBUS Pin=J1-8
Added Pin To Net: NetName=USB_OTG2_VBUS Pin=J1-8
Added Pin To Net: NetName=USB_OTG2_VBUS Pin=J1-8
Added Pin To Net: NetName=USB_OTG1_VBUS Pin=J1-9
Added Pin To Net: NetName=USB_OTG1_VBUS Pin=J1-9
Added Pin To Net: NetName=USB_OTG1_VBUS Pin=J1-9
Added Pin To Net: NetName=USB_OTG1_D_N Pin=J1-10
Added Pin To Net: NetName=USB_OTG1_D_N Pin=J1-10
Added Pin To Net: NetName=USB_OTG1_D_N Pin=J1-10
Added Pin To Net: NetName=USB_OTG1_D_P Pin=J1-11
Added Pin To Net: NetName=USB_OTG1_D_P Pin=J1-11
Added Pin To Net: NetName=USB_OTG1_D_P Pin=J1-11
Added Pin To Net: NetName=USB_OTG1_ID Pin=J1-12
Added Pin To Net: NetName=USB_OTG1_ID Pin=J1-12
Added Pin To Net: NetName=USB_OTG1_ID Pin=J1-12
Added Pin To Net: NetName=JTAG_TMS Pin=J1-13
Added Pin To Net: NetName=JTAG_TMS Pin=J1-13
Added Pin To Net: NetName=JTAG_TMS Pin=J1-13
Added Pin To Net: NetName=JTAG_MOD Pin=J1-14
Added Pin To Net: NetName=JTAG_MOD Pin=J1-14
Added Pin To Net: NetName=JTAG_MOD Pin=J1-14
Added Pin To Net: NetName=JTAG_NTRST Pin=J1-15
Added Pin To Net: NetName=JTAG_NTRST Pin=J1-15
Added Pin To Net: NetName=JTAG_NTRST Pin=J1-15
Added Pin To Net: NetName=JTAG_TCK Pin=J1-16
Added Pin To Net: NetName=JTAG_TCK Pin=J1-16
Added Pin To Net: NetName=JTAG_TCK Pin=J1-16
Added Pin To Net: NetName=JTAG_TDO Pin=J1-17
Added Pin To Net: NetName=JTAG_TDO Pin=J1-17
Added Pin To Net: NetName=JTAG_TDO Pin=J1-17
Added Pin To Net: NetName=JTAG_TDI Pin=J1-18
Added Pin To Net: NetName=JTAG_TDI Pin=J1-18
Added Pin To Net: NetName=JTAG_TDI Pin=J1-18
Added Pin To Net: NetName=SD1_nRST Pin=J1-19
Added Pin To Net: NetName=SD1_nRST Pin=J1-19
Added Pin To Net: NetName=SD1_nRST Pin=J1-19
Added Pin To Net: NetName=GPIO1_IO08 Pin=J1-20
Added Pin To Net: NetName=GPIO1_IO08 Pin=J1-20
Added Pin To Net: NetName=GPIO1_IO08 Pin=J1-20
Added Pin To Net: NetName=USB_OTG1_PWR Pin=J1-21
Added Pin To Net: NetName=USB_OTG1_PWR Pin=J1-21
Added Pin To Net: NetName=USB_OTG1_PWR Pin=J1-21
Added Pin To Net: NetName=GPIO1_IO05 Pin=J1-22
Added Pin To Net: NetName=GPIO1_IO05 Pin=J1-22
Added Pin To Net: NetName=GPIO1_IO05 Pin=J1-22
Added Pin To Net: NetName=ENET_MDC Pin=J1-23
Added Pin To Net: NetName=ENET_MDC Pin=J1-23
Added Pin To Net: NetName=ENET_MDC Pin=J1-23
Added Pin To Net: NetName=ENET_MDIO Pin=J1-24
Added Pin To Net: NetName=ENET_MDIO Pin=J1-24
Added Pin To Net: NetName=ENET_MDIO Pin=J1-24
Added Pin To Net: NetName=USB_OTG2_PWR Pin=J1-25
Added Pin To Net: NetName=USB_OTG2_PWR Pin=J1-25
Added Pin To Net: NetName=USB_OTG2_PWR Pin=J1-25
Added Pin To Net: NetName=USB_OTG1_OC Pin=J1-26
Added Pin To Net: NetName=USB_OTG1_OC Pin=J1-26
Added Pin To Net: NetName=USB_OTG1_OC Pin=J1-26
Added Pin To Net: NetName=USB_OTG2_OC Pin=J1-27
Added Pin To Net: NetName=USB_OTG2_OC Pin=J1-27
Added Pin To Net: NetName=USB_OTG2_OC Pin=J1-27
