Removed Pin From Net: NetName=SD1_DATA1 Pin=J4-6
Removed Pin From Net: NetName=SD1_DATA1 Pin=J4-6
Removed Pin From Net: NetName=SD1_DATA1 Pin=J4-6
Removed Pin From Net: NetName=SD1_DATA0 Pin=J4-7
Removed Pin From Net: NetName=SD1_DATA0 Pin=J4-7
Removed Pin From Net: NetName=SD1_DATA0 Pin=J4-7
Removed Pin From Net: NetName=SD1_CLK Pin=J4-8
Removed Pin From Net: NetName=SD1_CLK Pin=J4-8
Removed Pin From Net: NetName=SD1_CLK Pin=J4-8
Removed Pin From Net: NetName=SD1_CMD Pin=J4-9
Removed Pin From Net: NetName=SD1_CMD Pin=J4-9
Removed Pin From Net: NetName=SD1_CMD Pin=J4-9
Removed Pin From Net: NetName=SD1_DATA3 Pin=J4-10
Removed Pin From Net: NetName=SD1_DATA3 Pin=J4-10
Removed Pin From Net: NetName=SD1_DATA3 Pin=J4-10
Removed Pin From Net: NetName=SD1_DATA2 Pin=J4-11
Removed Pin From Net: NetName=SD1_DATA2 Pin=J4-11
Removed Pin From Net: NetName=SD1_DATA2 Pin=J4-11
Removed Pin From Net: NetName=CSI_MCLK Pin=J4-12
Removed Pin From Net: NetName=CSI_MCLK Pin=J4-12
Removed Pin From Net: NetName=CSI_MCLK Pin=J4-12
Removed Pin From Net: NetName=CSI_PIXCLK Pin=J4-13
Removed Pin From Net: NetName=CSI_PIXCLK Pin=J4-13
Removed Pin From Net: NetName=CSI_PIXCLK Pin=J4-13
Removed Pin From Net: NetName=CSI_VSYNC Pin=J4-14
Removed Pin From Net: NetName=CSI_VSYNC Pin=J4-14
Removed Pin From Net: NetName=CSI_VSYNC Pin=J4-14
Removed Pin From Net: NetName=CSI_DATA2 Pin=J4-15
Removed Pin From Net: NetName=CSI_DATA2 Pin=J4-15
Removed Pin From Net: NetName=CSI_DATA2 Pin=J4-15
Removed Pin From Net: NetName=CSI_HSYNC Pin=J4-16
Removed Pin From Net: NetName=CSI_HSYNC Pin=J4-16
Removed Pin From Net: NetName=CSI_HSYNC Pin=J4-16
Removed Pin From Net: NetName=CSI_DATA0 Pin=J4-17
Removed Pin From Net: NetName=CSI_DATA0 Pin=J4-17
Removed Pin From Net: NetName=CSI_DATA0 Pin=J4-17
Removed Pin From Net: NetName=CSI_DATA1 Pin=J4-18
Removed Pin From Net: NetName=CSI_DATA1 Pin=J4-18
Removed Pin From Net: NetName=CSI_DATA1 Pin=J4-18
Removed Pin From Net: NetName=CSI_DATA3 Pin=J4-19
Removed Pin From Net: NetName=CSI_DATA3 Pin=J4-19
Removed Pin From Net: NetName=CSI_DATA3 Pin=J4-19
Removed Pin From Net: NetName=CSI_DATA4 Pin=J4-20
Removed Pin From Net: NetName=CSI_DATA4 Pin=J4-20
Removed Pin From Net: NetName=CSI_DATA4 Pin=J4-20
Removed Pin From Net: NetName=CSI_DATA5 Pin=J4-21
Removed Pin From Net: NetName=CSI_DATA5 Pin=J4-21
Removed Pin From Net: NetName=CSI_DATA5 Pin=J4-21
Removed Pin From Net: NetName=CSI_DATA6 Pin=J4-22
Removed Pin From Net: NetName=CSI_DATA6 Pin=J4-22
Removed Pin From Net: NetName=CSI_DATA6 Pin=J4-22
Removed Pin From Net: NetName=CSI_DATA7 Pin=J4-23
Removed Pin From Net: NetName=CSI_DATA7 Pin=J4-23
Removed Pin From Net: NetName=CSI_DATA7 Pin=J4-23
Removed Pin From Net: NetName=SNVS_TAMPER9 Pin=J4-24
Removed Pin From Net: NetName=SNVS_TAMPER9 Pin=J4-24
Removed Pin From Net: NetName=SNVS_TAMPER9 Pin=J4-24
Removed Pin From Net: NetName=ONOFF Pin=J4-25
Removed Pin From Net: NetName=ONOFF Pin=J4-25
Removed Pin From Net: NetName=ONOFF Pin=J4-25
Removed Pin From Net: NetName=POR_B Pin=J4-26
Removed Pin From Net: NetName=POR_B Pin=J4-26
Removed Pin From Net: NetName=POR_B Pin=J4-26
Removed Pin From Net: NetName=SNVS_TAMPER5 Pin=J4-27
Removed Pin From Net: NetName=SNVS_TAMPER5 Pin=J4-27
Removed Pin From Net: NetName=SNVS_TAMPER5 Pin=J4-27
Removed Pin From Net: NetName=GND Pin=J4-28
Removed Pin From Net: NetName=GND Pin=J4-28
Removed Pin From Net: NetName=GND Pin=J4-28
Removed Pin From Net: NetName=SNVS_TAMPER4 Pin=J4-29
Removed Pin From Net: NetName=SNVS_TAMPER4 Pin=J4-29
Removed Pin From Net: NetName=SNVS_TAMPER4 Pin=J4-29
Removed Pin From Net: NetName=SNVS_TAMPER1 Pin=J4-30
Removed Pin From Net: NetName=SNVS_TAMPER1 Pin=J4-30
Removed Pin From Net: NetName=SNVS_TAMPER1 Pin=J4-30
Added Pin To Net: NetName=SD1_DATA1 Pin=J4-5
Added Pin To Net: NetName=SD1_DATA1 Pin=J4-5
Added Pin To Net: NetName=SD1_DATA1 Pin=J4-5
Added Pin To Net: NetName=SD1_DATA0 Pin=J4-6
Added Pin To Net: NetName=SD1_DATA0 Pin=J4-6
Added Pin To Net: NetName=SD1_DATA0 Pin=J4-6
Added Pin To Net: NetName=SD1_CLK Pin=J4-7
Added Pin To Net: NetName=SD1_CLK Pin=J4-7
Added Pin To Net: NetName=SD1_CLK Pin=J4-7
Added Pin To Net: NetName=SD1_CMD Pin=J4-8
Added Pin To Net: NetName=SD1_CMD Pin=J4-8
Added Pin To Net: NetName=SD1_CMD Pin=J4-8
Added Pin To Net: NetName=SD1_DATA3 Pin=J4-9
Added Pin To Net: NetName=SD1_DATA3 Pin=J4-9
Added Pin To Net: NetName=SD1_DATA3 Pin=J4-9
Added Pin To Net: NetName=SD1_DATA2 Pin=J4-10
Added Pin To Net: NetName=SD1_DATA2 Pin=J4-10
Added Pin To Net: NetName=SD1_DATA2 Pin=J4-10
Added Pin To Net: NetName=CSI_MCLK Pin=J4-11
Added Pin To Net: NetName=CSI_MCLK Pin=J4-11
Added Pin To Net: NetName=CSI_MCLK Pin=J4-11
Added Pin To Net: NetName=CSI_PIXCLK Pin=J4-12
Added Pin To Net: NetName=CSI_PIXCLK Pin=J4-12
Added Pin To Net: NetName=CSI_PIXCLK Pin=J4-12
Added Pin To Net: NetName=CSI_VSYNC Pin=J4-13
Added Pin To Net: NetName=CSI_VSYNC Pin=J4-13
Added Pin To Net: NetName=CSI_VSYNC Pin=J4-13
Added Pin To Net: NetName=CSI_DATA2 Pin=J4-14
Added Pin To Net: NetName=CSI_DATA2 Pin=J4-14
Added Pin To Net: NetName=CSI_DATA2 Pin=J4-14
Added Pin To Net: NetName=CSI_HSYNC Pin=J4-15
Added Pin To Net: NetName=CSI_HSYNC Pin=J4-15
Added Pin To Net: NetName=CSI_HSYNC Pin=J4-15
Added Pin To Net: NetName=CSI_DATA0 Pin=J4-16
Added Pin To Net: NetName=CSI_DATA0 Pin=J4-16
Added Pin To Net: NetName=CSI_DATA0 Pin=J4-16
Added Pin To Net: NetName=CSI_DATA1 Pin=J4-17
Added Pin To Net: NetName=CSI_DATA1 Pin=J4-17
Added Pin To Net: NetName=CSI_DATA1 Pin=J4-17
Added Pin To Net: NetName=CSI_DATA3 Pin=J4-18
Added Pin To Net: NetName=CSI_DATA3 Pin=J4-18
Added Pin To Net: NetName=CSI_DATA3 Pin=J4-18
Added Pin To Net: NetName=CSI_DATA4 Pin=J4-19
Added Pin To Net: NetName=CSI_DATA4 Pin=J4-19
Added Pin To Net: NetName=CSI_DATA4 Pin=J4-19
Added Pin To Net: NetName=CSI_DATA5 Pin=J4-20
Added Pin To Net: NetName=CSI_DATA5 Pin=J4-20
Added Pin To Net: NetName=CSI_DATA5 Pin=J4-20
Added Pin To Net: NetName=CSI_DATA6 Pin=J4-21
Added Pin To Net: NetName=CSI_DATA6 Pin=J4-21
Added Pin To Net: NetName=CSI_DATA6 Pin=J4-21
Added Pin To Net: NetName=CSI_DATA7 Pin=J4-22
Added Pin To Net: NetName=CSI_DATA7 Pin=J4-22
Added Pin To Net: NetName=CSI_DATA7 Pin=J4-22
Added Pin To Net: NetName=SNVS_TAMPER9 Pin=J4-23
Added Pin To Net: NetName=SNVS_TAMPER9 Pin=J4-23
Added Pin To Net: NetName=SNVS_TAMPER9 Pin=J4-23
Added Pin To Net: NetName=SNVS_TAMPER5 Pin=J4-24
Added Pin To Net: NetName=SNVS_TAMPER5 Pin=J4-24
Added Pin To Net: NetName=SNVS_TAMPER5 Pin=J4-24
Added Pin To Net: NetName=GND Pin=J4-25
Added Pin To Net: NetName=GND Pin=J4-25
Added Pin To Net: NetName=GND Pin=J4-25
Added Pin To Net: NetName=SNVS_TAMPER4 Pin=J4-26
Added Pin To Net: NetName=SNVS_TAMPER4 Pin=J4-26
Added Pin To Net: NetName=SNVS_TAMPER4 Pin=J4-26
Added Pin To Net: NetName=SNVS_TAMPER1 Pin=J4-27
Added Pin To Net: NetName=SNVS_TAMPER1 Pin=J4-27
Added Pin To Net: NetName=SNVS_TAMPER1 Pin=J4-27
