Added Pin To Net: NetName=ENET1_TX_CLK Pin=J2-14
Added Pin To Net: NetName=ENET1_TX_CLK Pin=J2-14
Added Pin To Net: NetName=ENET1_TX_CLK Pin=J2-14
Added Pin To Net: NetName=ENET1_CRS_DV Pin=J2-15
Added Pin To Net: NetName=ENET1_CRS_DV Pin=J2-15
Added Pin To Net: NetName=ENET1_CRS_DV Pin=J2-15
Added Pin To Net: NetName=ENET1_RXD1 Pin=J2-16
Added Pin To Net: NetName=ENET1_RXD1 Pin=J2-16
Added Pin To Net: NetName=ENET1_RXD1 Pin=J2-16
Added Pin To Net: NetName=ENET1_TXEN Pin=J2-17
Added Pin To Net: NetName=ENET1_TXEN Pin=J2-17
Added Pin To Net: NetName=ENET1_TXEN Pin=J2-17
Added Pin To Net: NetName=ENET1_RXD0 Pin=J2-18
Added Pin To Net: NetName=ENET1_RXD0 Pin=J2-18
Added Pin To Net: NetName=ENET1_RXD0 Pin=J2-18
Added Pin To Net: NetName=ENET1_TXD1 Pin=J2-19
Added Pin To Net: NetName=ENET1_TXD1 Pin=J2-19
Added Pin To Net: NetName=ENET1_TXD1 Pin=J2-19
Added Pin To Net: NetName=ENET1_TXD0 Pin=J2-20
Added Pin To Net: NetName=ENET1_TXD0 Pin=J2-20
Added Pin To Net: NetName=ENET1_TXD0 Pin=J2-20
Added Pin To Net: NetName=ENET1_RXER Pin=J2-21
Added Pin To Net: NetName=ENET1_RXER Pin=J2-21
Added Pin To Net: NetName=ENET1_RXER Pin=J2-21
