Removed Pin From Net: NetName=LCD_DATA16 Pin=J3-1
Removed Pin From Net: NetName=LCD_DATA16 Pin=J3-1
Removed Pin From Net: NetName=LCD_DATA16 Pin=J3-1
Removed Pin From Net: NetName=LCD_DATA17 Pin=J3-2
Removed Pin From Net: NetName=LCD_DATA17 Pin=J3-2
Removed Pin From Net: NetName=LCD_DATA17 Pin=J3-2
Removed Pin From Net: NetName=LCD_DATA18 Pin=J3-3
Removed Pin From Net: NetName=LCD_DATA18 Pin=J3-3
Removed Pin From Net: NetName=LCD_DATA18 Pin=J3-3
Removed Pin From Net: NetName=LCD_DATA19 Pin=J3-4
Removed Pin From Net: NetName=LCD_DATA19 Pin=J3-4
Removed Pin From Net: NetName=LCD_DATA19 Pin=J3-4
Removed Pin From Net: NetName=LCD_DATA20 Pin=J3-5
Removed Pin From Net: NetName=LCD_DATA20 Pin=J3-5
Removed Pin From Net: NetName=LCD_DATA20 Pin=J3-5
Removed Pin From Net: NetName=LCD_DATA21 Pin=J3-6
Removed Pin From Net: NetName=LCD_DATA21 Pin=J3-6
Removed Pin From Net: NetName=LCD_DATA21 Pin=J3-6
Removed Pin From Net: NetName=LCD_DATA22 Pin=J3-7
Removed Pin From Net: NetName=LCD_DATA22 Pin=J3-7
Removed Pin From Net: NetName=LCD_DATA22 Pin=J3-7
Removed Pin From Net: NetName=LCD_DATA23 Pin=J3-8
Removed Pin From Net: NetName=LCD_DATA23 Pin=J3-8
Removed Pin From Net: NetName=LCD_DATA23 Pin=J3-8
Removed Pin From Net: NetName=LCD_DATA8 Pin=J3-9
Removed Pin From Net: NetName=LCD_DATA8 Pin=J3-9
Removed Pin From Net: NetName=LCD_DATA8 Pin=J3-9
Removed Pin From Net: NetName=LCD_DATA9 Pin=J3-10
Removed Pin From Net: NetName=LCD_DATA9 Pin=J3-10
Removed Pin From Net: NetName=LCD_DATA9 Pin=J3-10
Removed Pin From Net: NetName=LCD_DATA10 Pin=J3-11
Removed Pin From Net: NetName=LCD_DATA10 Pin=J3-11
Removed Pin From Net: NetName=LCD_DATA10 Pin=J3-11
Removed Pin From Net: NetName=LCD_DATA11 Pin=J3-12
Removed Pin From Net: NetName=LCD_DATA11 Pin=J3-12
Removed Pin From Net: NetName=LCD_DATA11 Pin=J3-12
Removed Pin From Net: NetName=LCD_DATA12 Pin=J3-13
Removed Pin From Net: NetName=LCD_DATA12 Pin=J3-13
Removed Pin From Net: NetName=LCD_DATA12 Pin=J3-13
Removed Pin From Net: NetName=LCD_DATA13 Pin=J3-14
Removed Pin From Net: NetName=LCD_DATA13 Pin=J3-14
Removed Pin From Net: NetName=LCD_DATA13 Pin=J3-14
Removed Pin From Net: NetName=LCD_DATA14 Pin=J3-15
Removed Pin From Net: NetName=LCD_DATA14 Pin=J3-15
Removed Pin From Net: NetName=LCD_DATA14 Pin=J3-15
Removed Pin From Net: NetName=LCD_DATA15 Pin=J3-16
Removed Pin From Net: NetName=LCD_DATA15 Pin=J3-16
Removed Pin From Net: NetName=LCD_DATA15 Pin=J3-16
Removed Pin From Net: NetName=LCD_DATA0 Pin=J3-17
Removed Pin From Net: NetName=LCD_DATA0 Pin=J3-17
Removed Pin From Net: NetName=LCD_DATA0 Pin=J3-17
Removed Pin From Net: NetName=LCD_DATA1 Pin=J3-18
Removed Pin From Net: NetName=LCD_DATA1 Pin=J3-18
Removed Pin From Net: NetName=LCD_DATA1 Pin=J3-18
Removed Pin From Net: NetName=LCD_DATA2 Pin=J3-19
Removed Pin From Net: NetName=LCD_DATA2 Pin=J3-19
Removed Pin From Net: NetName=LCD_DATA2 Pin=J3-19
Removed Pin From Net: NetName=LCD_DATA3 Pin=J3-20
Removed Pin From Net: NetName=LCD_DATA3 Pin=J3-20
Removed Pin From Net: NetName=LCD_DATA3 Pin=J3-20
Removed Pin From Net: NetName=LCD_DATA4 Pin=J3-21
Removed Pin From Net: NetName=LCD_DATA4 Pin=J3-21
Removed Pin From Net: NetName=LCD_DATA4 Pin=J3-21
Removed Pin From Net: NetName=LCD_DATA5 Pin=J3-22
Removed Pin From Net: NetName=LCD_DATA5 Pin=J3-22
Removed Pin From Net: NetName=LCD_DATA5 Pin=J3-22
Removed Pin From Net: NetName=LCD_DATA6 Pin=J3-23
Removed Pin From Net: NetName=LCD_DATA6 Pin=J3-23
Removed Pin From Net: NetName=LCD_DATA6 Pin=J3-23
Removed Pin From Net: NetName=LCD_DATA7 Pin=J3-24
Removed Pin From Net: NetName=LCD_DATA7 Pin=J3-24
Removed Pin From Net: NetName=LCD_DATA7 Pin=J3-24
Removed Pin From Net: NetName=LCD_PCLK Pin=J3-25
Removed Pin From Net: NetName=LCD_PCLK Pin=J3-25
Removed Pin From Net: NetName=LCD_PCLK Pin=J3-25
Removed Pin From Net: NetName=LCD_HSYNC Pin=J3-26
Removed Pin From Net: NetName=LCD_HSYNC Pin=J3-26
Removed Pin From Net: NetName=LCD_HSYNC Pin=J3-26
Removed Pin From Net: NetName=LCD_VSYNC Pin=J3-27
Removed Pin From Net: NetName=LCD_VSYNC Pin=J3-27
Removed Pin From Net: NetName=LCD_VSYNC Pin=J3-27
Removed Pin From Net: NetName=LCD_DE Pin=J3-28
Removed Pin From Net: NetName=LCD_DE Pin=J3-28
Removed Pin From Net: NetName=LCD_DE Pin=J3-28
Removed Pin From Net: NetName=LCD_BL Pin=J3-29
Removed Pin From Net: NetName=LCD_BL Pin=J3-29
Removed Pin From Net: NetName=LCD_BL Pin=J3-29
Removed Pin From Net: NetName=NVCC_SD Pin=J4-4
Removed Pin From Net: NetName=NVCC_SD Pin=J4-4
Removed Pin From Net: NetName=NVCC_SD Pin=J4-4
Removed Pin From Net: NetName=SD1_DATA1 Pin=J4-5
Removed Pin From Net: NetName=SD1_DATA1 Pin=J4-5
Removed Pin From Net: NetName=SD1_DATA1 Pin=J4-5
Removed Pin From Net: NetName=SD1_DATA0 Pin=J4-6
Removed Pin From Net: NetName=SD1_DATA0 Pin=J4-6
Removed Pin From Net: NetName=SD1_DATA0 Pin=J4-6
Removed Pin From Net: NetName=SD1_CLK Pin=J4-7
Removed Pin From Net: NetName=SD1_CLK Pin=J4-7
Removed Pin From Net: NetName=SD1_CLK Pin=J4-7
Removed Pin From Net: NetName=SD1_CMD Pin=J4-8
Removed Pin From Net: NetName=SD1_CMD Pin=J4-8
Removed Pin From Net: NetName=SD1_CMD Pin=J4-8
Removed Pin From Net: NetName=SD1_DATA3 Pin=J4-9
Removed Pin From Net: NetName=SD1_DATA3 Pin=J4-9
Removed Pin From Net: NetName=SD1_DATA3 Pin=J4-9
Removed Pin From Net: NetName=SD1_DATA2 Pin=J4-10
Removed Pin From Net: NetName=SD1_DATA2 Pin=J4-10
Removed Pin From Net: NetName=SD1_DATA2 Pin=J4-10
Removed Pin From Net: NetName=CSI_MCLK Pin=J4-11
Removed Pin From Net: NetName=CSI_MCLK Pin=J4-11
Removed Pin From Net: NetName=CSI_MCLK Pin=J4-11
Removed Pin From Net: NetName=CSI_PIXCLK Pin=J4-12
Removed Pin From Net: NetName=CSI_PIXCLK Pin=J4-12
Removed Pin From Net: NetName=CSI_PIXCLK Pin=J4-12
Removed Pin From Net: NetName=CSI_VSYNC Pin=J4-13
Removed Pin From Net: NetName=CSI_VSYNC Pin=J4-13
Removed Pin From Net: NetName=CSI_VSYNC Pin=J4-13
Removed Pin From Net: NetName=CSI_DATA2 Pin=J4-14
Removed Pin From Net: NetName=CSI_DATA2 Pin=J4-14
Removed Pin From Net: NetName=CSI_DATA2 Pin=J4-14
Removed Pin From Net: NetName=CSI_HSYNC Pin=J4-15
Removed Pin From Net: NetName=CSI_HSYNC Pin=J4-15
Removed Pin From Net: NetName=CSI_HSYNC Pin=J4-15
Removed Pin From Net: NetName=CSI_DATA0 Pin=J4-16
Removed Pin From Net: NetName=CSI_DATA0 Pin=J4-16
Removed Pin From Net: NetName=CSI_DATA0 Pin=J4-16
Removed Pin From Net: NetName=CSI_DATA1 Pin=J4-17
Removed Pin From Net: NetName=CSI_DATA1 Pin=J4-17
Removed Pin From Net: NetName=CSI_DATA1 Pin=J4-17
Removed Pin From Net: NetName=CSI_DATA3 Pin=J4-18
Removed Pin From Net: NetName=CSI_DATA3 Pin=J4-18
Removed Pin From Net: NetName=CSI_DATA3 Pin=J4-18
Removed Pin From Net: NetName=CSI_DATA4 Pin=J4-19
Removed Pin From Net: NetName=CSI_DATA4 Pin=J4-19
Removed Pin From Net: NetName=CSI_DATA4 Pin=J4-19
Removed Pin From Net: NetName=CSI_DATA5 Pin=J4-20
Removed Pin From Net: NetName=CSI_DATA5 Pin=J4-20
Removed Pin From Net: NetName=CSI_DATA5 Pin=J4-20
Removed Pin From Net: NetName=CSI_DATA6 Pin=J4-21
Removed Pin From Net: NetName=CSI_DATA6 Pin=J4-21
Removed Pin From Net: NetName=CSI_DATA6 Pin=J4-21
Removed Pin From Net: NetName=CSI_DATA7 Pin=J4-22
Removed Pin From Net: NetName=CSI_DATA7 Pin=J4-22
Removed Pin From Net: NetName=CSI_DATA7 Pin=J4-22
Removed Pin From Net: NetName=SNVS_TAMPER9 Pin=J4-23
Removed Pin From Net: NetName=SNVS_TAMPER9 Pin=J4-23
Removed Pin From Net: NetName=SNVS_TAMPER9 Pin=J4-23
Removed Pin From Net: NetName=ONOFF Pin=J4-24
Removed Pin From Net: NetName=ONOFF Pin=J4-24
Removed Pin From Net: NetName=ONOFF Pin=J4-24
Removed Pin From Net: NetName=POR_B Pin=J4-25
Removed Pin From Net: NetName=POR_B Pin=J4-25
Removed Pin From Net: NetName=POR_B Pin=J4-25
Removed Pin From Net: NetName=SNVS_TAMPER5 Pin=J4-26
Removed Pin From Net: NetName=SNVS_TAMPER5 Pin=J4-26
Removed Pin From Net: NetName=SNVS_TAMPER5 Pin=J4-26
Removed Pin From Net: NetName=GND Pin=J4-27
Removed Pin From Net: NetName=GND Pin=J4-27
Removed Pin From Net: NetName=GND Pin=J4-27
Removed Pin From Net: NetName=SNVS_TAMPER4 Pin=J4-28
Removed Pin From Net: NetName=SNVS_TAMPER4 Pin=J4-28
Removed Pin From Net: NetName=SNVS_TAMPER4 Pin=J4-28
Removed Pin From Net: NetName=SNVS_TAMPER1 Pin=J4-29
Removed Pin From Net: NetName=SNVS_TAMPER1 Pin=J4-29
Removed Pin From Net: NetName=SNVS_TAMPER1 Pin=J4-29
Change Component Footprint: Designator=J3 Old Footprint=STAMP_HOLE New Footprint=STAMP_HOLE_30
Change Component Footprint: Designator=J4 Old Footprint=STAMP_HOLE New Footprint=STAMP_HOLE_30
Change Component Comment : Designator=J3 Old Comment=stamp_hole New Comment=stamp_hole_30
Change Component Comment : Designator=J4 Old Comment=stamp_hole New Comment=stamp_hole_30
Added Component: Designator=C92(0603_C _MINI)
Add component (AddParameter): Name = "ComponentLink1Description"; Value = "供应商链接"; VariantName = "[No Variations]"
Add component (AddParameter): Name = "ComponentLink1URL"; Value = "http://www.szlcsc.com/product/details_2037.html"; VariantName = "[No Variations]"
Add component (AddParameter): Name = "Notepad"; Value = ""; VariantName = "[No Variations]"
Add component (AddParameter): Name = "Package"; Value = "0603"; VariantName = "[No Variations]"
Add component (AddParameter): Name = "Supplier"; Value = "LC"; VariantName = "[No Variations]"
Add component (AddParameter): Name = "SuppliersPartNumber"; Value = "C1685"; VariantName = "[No Variations]"
Added Component: Designator=C93(0402_C)
Add component (AddParameter): Name = "ComponentLink1Description"; Value = "供应商链接"; VariantName = "[No Variations]"
Add component (AddParameter): Name = "ComponentLink1URL"; Value = "http://www.szlcsc.com/product/details_1928.html"; VariantName = "[No Variations]"
Add component (AddParameter): Name = "Notepad"; Value = ""; VariantName = "[No Variations]"
Add component (AddParameter): Name = "Package"; Value = "0402"; VariantName = "[No Variations]"
Add component (AddParameter): Name = "Supplier"; Value = "LC"; VariantName = "[No Variations]"
Add component (AddParameter): Name = "SuppliersPartNumber"; Value = "C1576"; VariantName = "[No Variations]"
Added Component: Designator=C94(0402_C)
Add component (AddParameter): Name = "ComponentLink1Description"; Value = "供应商链接"; VariantName = "[No Variations]"
Add component (AddParameter): Name = "ComponentLink1URL"; Value = "http://www.szlcsc.com/product/details_1928.html"; VariantName = "[No Variations]"
Add component (AddParameter): Name = "Notepad"; Value = ""; VariantName = "[No Variations]"
Add component (AddParameter): Name = "Package"; Value = "0402"; VariantName = "[No Variations]"
Add component (AddParameter): Name = "Supplier"; Value = "LC"; VariantName = "[No Variations]"
Add component (AddParameter): Name = "SuppliersPartNumber"; Value = "C1576"; VariantName = "[No Variations]"
Added Component: Designator=D5(SOD-523)
Added Component: Designator=Q1(SOT23-3L)
Add component (AddParameter): Name = "BOM名称"; Value = "P沟场效应管"; VariantName = "[No Variations]"
Add component (AddParameter): Name = "学习资源"; Value = "www.ooocke.com"; VariantName = "[No Variations]"
Add component (AddParameter): Name = "版权归属"; Value = "源创客"; VariantName = "[No Variations]"
Added Component: Designator=R34(0402_R)
Add component (AddParameter): Name = "ComponentLink1Description"; Value = "供应商链接"; VariantName = "[No Variations]"
Add component (AddParameter): Name = "ComponentLink1URL"; Value = "http://www.szlcsc.com/product/details_26667.html"; VariantName = "[No Variations]"
Add component (AddParameter): Name = "Notepad"; Value = ""; VariantName = "[No Variations]"
Add component (AddParameter): Name = "Package"; Value = "0402"; VariantName = "[No Variations]"
Add component (AddParameter): Name = "Supplier"; Value = "LC"; VariantName = "[No Variations]"
Add component (AddParameter): Name = "SuppliersPartNumber"; Value = "C25924"; VariantName = "[No Variations]"
Added Component: Designator=TP1(TP-1.0)
Added Component: Designator=U8(SOT23-3L)
Added Pin To Net: NetName=GND Pin=C92-1
Added Pin To Net: NetName=DCDC_3V3 Pin=C92-2
Added Pin To Net: NetName=GND Pin=C93-1
Added Pin To Net: NetName=DCDC_1V8 Pin=C93-2
Added Pin To Net: NetName=SD1_VSELECT Pin=C94-1
Added Pin To Net: NetName=NVCC_SD Pin=C94-2
Added Pin To Net: NetName=DCDC_1V8 Pin=D5-1
Added Pin To Net: NetName=NVCC_SD Pin=D5-2
Added Pin To Net: NetName=GND Pin=J3-1
Added Pin To Net: NetName=GND Pin=J3-1
Added Pin To Net: NetName=GND Pin=J3-1
Added Pin To Net: NetName=LCD_DATA16 Pin=J3-2
Added Pin To Net: NetName=LCD_DATA16 Pin=J3-2
Added Pin To Net: NetName=LCD_DATA16 Pin=J3-2
Added Pin To Net: NetName=LCD_DATA17 Pin=J3-3
Added Pin To Net: NetName=LCD_DATA17 Pin=J3-3
Added Pin To Net: NetName=LCD_DATA17 Pin=J3-3
Added Pin To Net: NetName=LCD_DATA18 Pin=J3-4
Added Pin To Net: NetName=LCD_DATA18 Pin=J3-4
Added Pin To Net: NetName=LCD_DATA18 Pin=J3-4
Added Pin To Net: NetName=LCD_DATA19 Pin=J3-5
Added Pin To Net: NetName=LCD_DATA19 Pin=J3-5
Added Pin To Net: NetName=LCD_DATA19 Pin=J3-5
Added Pin To Net: NetName=LCD_DATA20 Pin=J3-6
Added Pin To Net: NetName=LCD_DATA20 Pin=J3-6
Added Pin To Net: NetName=LCD_DATA20 Pin=J3-6
Added Pin To Net: NetName=LCD_DATA21 Pin=J3-7
Added Pin To Net: NetName=LCD_DATA21 Pin=J3-7
Added Pin To Net: NetName=LCD_DATA21 Pin=J3-7
Added Pin To Net: NetName=LCD_DATA22 Pin=J3-8
Added Pin To Net: NetName=LCD_DATA22 Pin=J3-8
Added Pin To Net: NetName=LCD_DATA22 Pin=J3-8
Added Pin To Net: NetName=LCD_DATA23 Pin=J3-9
Added Pin To Net: NetName=LCD_DATA23 Pin=J3-9
Added Pin To Net: NetName=LCD_DATA23 Pin=J3-9
Added Pin To Net: NetName=LCD_DATA8 Pin=J3-10
Added Pin To Net: NetName=LCD_DATA8 Pin=J3-10
Added Pin To Net: NetName=LCD_DATA8 Pin=J3-10
Added Pin To Net: NetName=LCD_DATA9 Pin=J3-11
Added Pin To Net: NetName=LCD_DATA9 Pin=J3-11
Added Pin To Net: NetName=LCD_DATA9 Pin=J3-11
Added Pin To Net: NetName=LCD_DATA10 Pin=J3-12
Added Pin To Net: NetName=LCD_DATA10 Pin=J3-12
Added Pin To Net: NetName=LCD_DATA10 Pin=J3-12
Added Pin To Net: NetName=LCD_DATA11 Pin=J3-13
Added Pin To Net: NetName=LCD_DATA11 Pin=J3-13
Added Pin To Net: NetName=LCD_DATA11 Pin=J3-13
Added Pin To Net: NetName=LCD_DATA12 Pin=J3-14
Added Pin To Net: NetName=LCD_DATA12 Pin=J3-14
Added Pin To Net: NetName=LCD_DATA12 Pin=J3-14
Added Pin To Net: NetName=LCD_DATA13 Pin=J3-15
Added Pin To Net: NetName=LCD_DATA13 Pin=J3-15
Added Pin To Net: NetName=LCD_DATA13 Pin=J3-15
Added Pin To Net: NetName=LCD_DATA14 Pin=J3-16
Added Pin To Net: NetName=LCD_DATA14 Pin=J3-16
Added Pin To Net: NetName=LCD_DATA14 Pin=J3-16
Added Pin To Net: NetName=LCD_DATA15 Pin=J3-17
Added Pin To Net: NetName=LCD_DATA15 Pin=J3-17
Added Pin To Net: NetName=LCD_DATA15 Pin=J3-17
Added Pin To Net: NetName=LCD_DATA0 Pin=J3-18
Added Pin To Net: NetName=LCD_DATA0 Pin=J3-18
Added Pin To Net: NetName=LCD_DATA0 Pin=J3-18
Added Pin To Net: NetName=LCD_DATA1 Pin=J3-19
Added Pin To Net: NetName=LCD_DATA1 Pin=J3-19
Added Pin To Net: NetName=LCD_DATA1 Pin=J3-19
Added Pin To Net: NetName=LCD_DATA2 Pin=J3-20
Added Pin To Net: NetName=LCD_DATA2 Pin=J3-20
Added Pin To Net: NetName=LCD_DATA2 Pin=J3-20
Added Pin To Net: NetName=LCD_DATA3 Pin=J3-21
Added Pin To Net: NetName=LCD_DATA3 Pin=J3-21
Added Pin To Net: NetName=LCD_DATA3 Pin=J3-21
Added Pin To Net: NetName=LCD_DATA4 Pin=J3-22
Added Pin To Net: NetName=LCD_DATA4 Pin=J3-22
Added Pin To Net: NetName=LCD_DATA4 Pin=J3-22
Added Pin To Net: NetName=LCD_DATA5 Pin=J3-23
Added Pin To Net: NetName=LCD_DATA5 Pin=J3-23
Added Pin To Net: NetName=LCD_DATA5 Pin=J3-23
Added Pin To Net: NetName=LCD_DATA6 Pin=J3-24
Added Pin To Net: NetName=LCD_DATA6 Pin=J3-24
Added Pin To Net: NetName=LCD_DATA6 Pin=J3-24
Added Pin To Net: NetName=LCD_DATA7 Pin=J3-25
Added Pin To Net: NetName=LCD_DATA7 Pin=J3-25
Added Pin To Net: NetName=LCD_DATA7 Pin=J3-25
Added Pin To Net: NetName=LCD_PCLK Pin=J3-26
Added Pin To Net: NetName=LCD_PCLK Pin=J3-26
Added Pin To Net: NetName=LCD_PCLK Pin=J3-26
Added Pin To Net: NetName=LCD_HSYNC Pin=J3-27
Added Pin To Net: NetName=LCD_HSYNC Pin=J3-27
Added Pin To Net: NetName=LCD_HSYNC Pin=J3-27
Added Pin To Net: NetName=LCD_VSYNC Pin=J3-28
Added Pin To Net: NetName=LCD_VSYNC Pin=J3-28
Added Pin To Net: NetName=LCD_VSYNC Pin=J3-28
Added Pin To Net: NetName=LCD_DE Pin=J3-29
Added Pin To Net: NetName=LCD_DE Pin=J3-29
Added Pin To Net: NetName=LCD_DE Pin=J3-29
Added Pin To Net: NetName=LCD_BL Pin=J3-30
Added Pin To Net: NetName=LCD_BL Pin=J3-30
Added Pin To Net: NetName=LCD_BL Pin=J3-30
Added Pin To Net: NetName=SYS_3V3 Pin=J4-4
Added Pin To Net: NetName=SYS_3V3 Pin=J4-4
Added Pin To Net: NetName=SYS_3V3 Pin=J4-4
Added Pin To Net: NetName=NVCC_SD Pin=J4-5
Added Pin To Net: NetName=NVCC_SD Pin=J4-5
Added Pin To Net: NetName=NVCC_SD Pin=J4-5
Added Pin To Net: NetName=SD1_DATA1 Pin=J4-6
Added Pin To Net: NetName=SD1_DATA1 Pin=J4-6
Added Pin To Net: NetName=SD1_DATA1 Pin=J4-6
Added Pin To Net: NetName=SD1_DATA0 Pin=J4-7
Added Pin To Net: NetName=SD1_DATA0 Pin=J4-7
Added Pin To Net: NetName=SD1_DATA0 Pin=J4-7
Added Pin To Net: NetName=SD1_CLK Pin=J4-8
Added Pin To Net: NetName=SD1_CLK Pin=J4-8
Added Pin To Net: NetName=SD1_CLK Pin=J4-8
Added Pin To Net: NetName=SD1_CMD Pin=J4-9
Added Pin To Net: NetName=SD1_CMD Pin=J4-9
Added Pin To Net: NetName=SD1_CMD Pin=J4-9
Added Pin To Net: NetName=SD1_DATA3 Pin=J4-10
Added Pin To Net: NetName=SD1_DATA3 Pin=J4-10
Added Pin To Net: NetName=SD1_DATA3 Pin=J4-10
Added Pin To Net: NetName=SD1_DATA2 Pin=J4-11
Added Pin To Net: NetName=SD1_DATA2 Pin=J4-11
Added Pin To Net: NetName=SD1_DATA2 Pin=J4-11
Added Pin To Net: NetName=CSI_MCLK Pin=J4-12
Added Pin To Net: NetName=CSI_MCLK Pin=J4-12
Added Pin To Net: NetName=CSI_MCLK Pin=J4-12
Added Pin To Net: NetName=CSI_PIXCLK Pin=J4-13
Added Pin To Net: NetName=CSI_PIXCLK Pin=J4-13
Added Pin To Net: NetName=CSI_PIXCLK Pin=J4-13
Added Pin To Net: NetName=CSI_VSYNC Pin=J4-14
Added Pin To Net: NetName=CSI_VSYNC Pin=J4-14
Added Pin To Net: NetName=CSI_VSYNC Pin=J4-14
Added Pin To Net: NetName=CSI_DATA2 Pin=J4-15
Added Pin To Net: NetName=CSI_DATA2 Pin=J4-15
Added Pin To Net: NetName=CSI_DATA2 Pin=J4-15
Added Pin To Net: NetName=CSI_HSYNC Pin=J4-16
Added Pin To Net: NetName=CSI_HSYNC Pin=J4-16
Added Pin To Net: NetName=CSI_HSYNC Pin=J4-16
Added Pin To Net: NetName=CSI_DATA0 Pin=J4-17
Added Pin To Net: NetName=CSI_DATA0 Pin=J4-17
Added Pin To Net: NetName=CSI_DATA0 Pin=J4-17
Added Pin To Net: NetName=CSI_DATA1 Pin=J4-18
Added Pin To Net: NetName=CSI_DATA1 Pin=J4-18
Added Pin To Net: NetName=CSI_DATA1 Pin=J4-18
Added Pin To Net: NetName=CSI_DATA3 Pin=J4-19
Added Pin To Net: NetName=CSI_DATA3 Pin=J4-19
Added Pin To Net: NetName=CSI_DATA3 Pin=J4-19
Added Pin To Net: NetName=CSI_DATA4 Pin=J4-20
Added Pin To Net: NetName=CSI_DATA4 Pin=J4-20
Added Pin To Net: NetName=CSI_DATA4 Pin=J4-20
Added Pin To Net: NetName=CSI_DATA5 Pin=J4-21
Added Pin To Net: NetName=CSI_DATA5 Pin=J4-21
Added Pin To Net: NetName=CSI_DATA5 Pin=J4-21
Added Pin To Net: NetName=CSI_DATA6 Pin=J4-22
Added Pin To Net: NetName=CSI_DATA6 Pin=J4-22
Added Pin To Net: NetName=CSI_DATA6 Pin=J4-22
Added Pin To Net: NetName=CSI_DATA7 Pin=J4-23
Added Pin To Net: NetName=CSI_DATA7 Pin=J4-23
Added Pin To Net: NetName=CSI_DATA7 Pin=J4-23
Added Pin To Net: NetName=SNVS_TAMPER9 Pin=J4-24
Added Pin To Net: NetName=SNVS_TAMPER9 Pin=J4-24
Added Pin To Net: NetName=SNVS_TAMPER9 Pin=J4-24
Added Pin To Net: NetName=ONOFF Pin=J4-25
Added Pin To Net: NetName=ONOFF Pin=J4-25
Added Pin To Net: NetName=ONOFF Pin=J4-25
Added Pin To Net: NetName=POR_B Pin=J4-26
Added Pin To Net: NetName=POR_B Pin=J4-26
Added Pin To Net: NetName=POR_B Pin=J4-26
Added Pin To Net: NetName=SNVS_TAMPER5 Pin=J4-27
Added Pin To Net: NetName=SNVS_TAMPER5 Pin=J4-27
Added Pin To Net: NetName=SNVS_TAMPER5 Pin=J4-27
Added Pin To Net: NetName=GND Pin=J4-28
Added Pin To Net: NetName=GND Pin=J4-28
Added Pin To Net: NetName=GND Pin=J4-28
Added Pin To Net: NetName=SNVS_TAMPER4 Pin=J4-29
Added Pin To Net: NetName=SNVS_TAMPER4 Pin=J4-29
Added Pin To Net: NetName=SNVS_TAMPER4 Pin=J4-29
Added Pin To Net: NetName=SNVS_TAMPER1 Pin=J4-30
Added Pin To Net: NetName=SNVS_TAMPER1 Pin=J4-30
Added Pin To Net: NetName=SNVS_TAMPER1 Pin=J4-30
Added Pin To Net: NetName=SD1_VSELECT Pin=Q1-1
Added Pin To Net: NetName=NVCC_SD Pin=Q1-2
Added Pin To Net: NetName=DCDC_3V3 Pin=Q1-3
Added Pin To Net: NetName=SD1_VSELECT Pin=R34-1
Added Pin To Net: NetName=GND Pin=R34-2
Added Pin To Net: NetName=DCDC_3V3 Pin=TP1-1
Added Pin To Net: NetName=GND Pin=U8-1
Added Pin To Net: NetName=DCDC_1V8 Pin=U8-2
Added Pin To Net: NetName=DCDC_3V3 Pin=U8-3
Added Member To Class: ClassName=Power Member=Component C92 10uF
Added Member To Class: ClassName=Power Member=Component C93 1uF
Added Member To Class: ClassName=Power Member=Component C94 1uF
Added Member To Class: ClassName=Power Member=Component D5 1N5819W
Added Member To Class: ClassName=Power Member=Component Q1 WST3325
Added Member To Class: ClassName=Power Member=Component R34 10K
Added Member To Class: ClassName=Power Member=Component TP1 SOC_IN
Added Member To Class: ClassName=Power Member=Component U8 RT9166-18GVL
